Analysis & Synthesis report for lhnRISC621_v
Sat Sep 17 10:59:18 2022
Quartus Prime Version 18.1.0 Build 625 09/12/2018 SJ Lite Edition


---------------------
; Table of Contents ;
---------------------
  1. Legal Notice
  2. Analysis & Synthesis Summary
  3. Analysis & Synthesis Settings
  4. Parallel Compilation
  5. Analysis & Synthesis Source Files Read
  6. Analysis & Synthesis Resource Usage Summary
  7. Analysis & Synthesis Resource Utilization by Entity
  8. Analysis & Synthesis RAM Summary
  9. Analysis & Synthesis DSP Block Usage Summary
 10. Analysis & Synthesis IP Cores Summary
 11. State Machine - |lhnRISC621_v|MC
 12. Registers Removed During Synthesis
 13. Removed Registers Triggering Further Register Optimizations
 14. General Register Statistics
 15. Multiplexer Restructuring Statistics (Restructuring Performed)
 16. Source assignments for lhn_mm:main_memory|altsyncram:altsyncram_component|altsyncram_m0p1:auto_generated
 17. Parameter Settings for User Entity Instance: Top-level Entity: |lhnRISC621_v
 18. Parameter Settings for User Entity Instance: lhn_mm:main_memory|altsyncram:altsyncram_component
 19. Parameter Settings for Inferred Entity Instance: lpm_divide:Div0
 20. altsyncram Parameter Settings by Entity Instance
 21. Port Connectivity Checks: "lhn_ir2assembly_v:IWdecode"
 22. Post-Synthesis Netlist Statistics for Top Partition
 23. Elapsed Time Per Partition
 24. Analysis & Synthesis Messages



----------------
; Legal Notice ;
----------------
Copyright (C) 2018  Intel Corporation. All rights reserved.
Your use of Intel Corporation's design tools, logic functions 
and other software and tools, and its AMPP partner logic 
functions, and any output files from any of the foregoing 
(including device programming or simulation files), and any 
associated documentation or information are expressly subject 
to the terms and conditions of the Intel Program License 
Subscription Agreement, the Intel Quartus Prime License Agreement,
the Intel FPGA IP License Agreement, or other applicable license
agreement, including, without limitation, that your use is for
the sole purpose of programming logic devices manufactured by
Intel and sold by Intel or its authorized distributors.  Please
refer to the applicable agreement for further details.



+-------------------------------------------------------------------------------+
; Analysis & Synthesis Summary                                                  ;
+---------------------------------+---------------------------------------------+
; Analysis & Synthesis Status     ; Successful - Sat Sep 17 10:59:18 2022       ;
; Quartus Prime Version           ; 18.1.0 Build 625 09/12/2018 SJ Lite Edition ;
; Revision Name                   ; lhnRISC621_v                                ;
; Top-level Entity Name           ; lhnRISC621_v                                ;
; Family                          ; Cyclone V                                   ;
; Logic utilization (in ALMs)     ; N/A                                         ;
; Total registers                 ; 473                                         ;
; Total pins                      ; 111                                         ;
; Total virtual pins              ; 0                                           ;
; Total block memory bits         ; 14,336                                      ;
; Total DSP Blocks                ; 1                                           ;
; Total HSSI RX PCSs              ; 0                                           ;
; Total HSSI PMA RX Deserializers ; 0                                           ;
; Total HSSI TX PCSs              ; 0                                           ;
; Total HSSI PMA TX Serializers   ; 0                                           ;
; Total PLLs                      ; 0                                           ;
; Total DLLs                      ; 0                                           ;
+---------------------------------+---------------------------------------------+


+---------------------------------------------------------------------------------------------------------------------------+
; Analysis & Synthesis Settings                                                                                             ;
+---------------------------------------------------------------------------------+--------------------+--------------------+
; Option                                                                          ; Setting            ; Default Value      ;
+---------------------------------------------------------------------------------+--------------------+--------------------+
; Device                                                                          ; 5CGXFC7C7F23C8     ;                    ;
; Top-level entity name                                                           ; lhnRISC621_v       ; lhnRISC621_v       ;
; Family name                                                                     ; Cyclone V          ; Cyclone V          ;
; Use smart compilation                                                           ; Off                ; Off                ;
; Enable parallel Assembler and Timing Analyzer during compilation                ; On                 ; On                 ;
; Enable compact report table                                                     ; Off                ; Off                ;
; Restructure Multiplexers                                                        ; Auto               ; Auto               ;
; MLAB Add Timing Constraints For Mixed-Port Feed-Through Mode Setting Don't Care ; Off                ; Off                ;
; Create Debugging Nodes for IP Cores                                             ; Off                ; Off                ;
; Preserve fewer node names                                                       ; On                 ; On                 ;
; Intel FPGA IP Evaluation Mode                                                   ; Enable             ; Enable             ;
; Verilog Version                                                                 ; Verilog_2001       ; Verilog_2001       ;
; VHDL Version                                                                    ; VHDL_1993          ; VHDL_1993          ;
; State Machine Processing                                                        ; Auto               ; Auto               ;
; Safe State Machine                                                              ; Off                ; Off                ;
; Extract Verilog State Machines                                                  ; On                 ; On                 ;
; Extract VHDL State Machines                                                     ; On                 ; On                 ;
; Ignore Verilog initial constructs                                               ; Off                ; Off                ;
; Iteration limit for constant Verilog loops                                      ; 5000               ; 5000               ;
; Iteration limit for non-constant Verilog loops                                  ; 250                ; 250                ;
; Add Pass-Through Logic to Inferred RAMs                                         ; On                 ; On                 ;
; Infer RAMs from Raw Logic                                                       ; On                 ; On                 ;
; Parallel Synthesis                                                              ; On                 ; On                 ;
; DSP Block Balancing                                                             ; Auto               ; Auto               ;
; NOT Gate Push-Back                                                              ; On                 ; On                 ;
; Power-Up Don't Care                                                             ; On                 ; On                 ;
; Remove Redundant Logic Cells                                                    ; Off                ; Off                ;
; Remove Duplicate Registers                                                      ; On                 ; On                 ;
; Ignore CARRY Buffers                                                            ; Off                ; Off                ;
; Ignore CASCADE Buffers                                                          ; Off                ; Off                ;
; Ignore GLOBAL Buffers                                                           ; Off                ; Off                ;
; Ignore ROW GLOBAL Buffers                                                       ; Off                ; Off                ;
; Ignore LCELL Buffers                                                            ; Off                ; Off                ;
; Ignore SOFT Buffers                                                             ; On                 ; On                 ;
; Limit AHDL Integers to 32 Bits                                                  ; Off                ; Off                ;
; Optimization Technique                                                          ; Balanced           ; Balanced           ;
; Carry Chain Length                                                              ; 70                 ; 70                 ;
; Auto Carry Chains                                                               ; On                 ; On                 ;
; Auto Open-Drain Pins                                                            ; On                 ; On                 ;
; Perform WYSIWYG Primitive Resynthesis                                           ; Off                ; Off                ;
; Auto ROM Replacement                                                            ; On                 ; On                 ;
; Auto RAM Replacement                                                            ; On                 ; On                 ;
; Auto DSP Block Replacement                                                      ; On                 ; On                 ;
; Auto Shift Register Replacement                                                 ; Auto               ; Auto               ;
; Allow Shift Register Merging across Hierarchies                                 ; Auto               ; Auto               ;
; Auto Clock Enable Replacement                                                   ; On                 ; On                 ;
; Strict RAM Replacement                                                          ; Off                ; Off                ;
; Allow Synchronous Control Signals                                               ; On                 ; On                 ;
; Force Use of Synchronous Clear Signals                                          ; Off                ; Off                ;
; Auto Resource Sharing                                                           ; Off                ; Off                ;
; Allow Any RAM Size For Recognition                                              ; Off                ; Off                ;
; Allow Any ROM Size For Recognition                                              ; Off                ; Off                ;
; Allow Any Shift Register Size For Recognition                                   ; Off                ; Off                ;
; Use LogicLock Constraints during Resource Balancing                             ; On                 ; On                 ;
; Ignore translate_off and synthesis_off directives                               ; Off                ; Off                ;
; Timing-Driven Synthesis                                                         ; On                 ; On                 ;
; Report Parameter Settings                                                       ; On                 ; On                 ;
; Report Source Assignments                                                       ; On                 ; On                 ;
; Report Connectivity Checks                                                      ; On                 ; On                 ;
; Ignore Maximum Fan-Out Assignments                                              ; Off                ; Off                ;
; Synchronization Register Chain Length                                           ; 3                  ; 3                  ;
; Power Optimization During Synthesis                                             ; Normal compilation ; Normal compilation ;
; HDL message level                                                               ; Level2             ; Level2             ;
; Suppress Register Optimization Related Messages                                 ; Off                ; Off                ;
; Number of Removed Registers Reported in Synthesis Report                        ; 5000               ; 5000               ;
; Number of Swept Nodes Reported in Synthesis Report                              ; 5000               ; 5000               ;
; Number of Inverted Registers Reported in Synthesis Report                       ; 100                ; 100                ;
; Clock MUX Protection                                                            ; On                 ; On                 ;
; Auto Gated Clock Conversion                                                     ; Off                ; Off                ;
; Block Design Naming                                                             ; Auto               ; Auto               ;
; SDC constraint protection                                                       ; Off                ; Off                ;
; Synthesis Effort                                                                ; Auto               ; Auto               ;
; Shift Register Replacement - Allow Asynchronous Clear Signal                    ; On                 ; On                 ;
; Pre-Mapping Resynthesis Optimization                                            ; Off                ; Off                ;
; Analysis & Synthesis Message Level                                              ; Medium             ; Medium             ;
; Disable Register Merging Across Hierarchies                                     ; Auto               ; Auto               ;
; Resource Aware Inference For Block RAM                                          ; On                 ; On                 ;
; Automatic Parallel Synthesis                                                    ; On                 ; On                 ;
; Partial Reconfiguration Bitstream ID                                            ; Off                ; Off                ;
+---------------------------------------------------------------------------------+--------------------+--------------------+


+------------------------------------------+
; Parallel Compilation                     ;
+----------------------------+-------------+
; Processors                 ; Number      ;
+----------------------------+-------------+
; Number detected on machine ; 12          ;
; Maximum allowed            ; 6           ;
;                            ;             ;
; Average used               ; 1.00        ;
; Maximum used               ; 6           ;
;                            ;             ;
; Usage by Processor         ; % Time Used ;
;     Processor 1            ; 100.0%      ;
;     Processor 2            ;   0.0%      ;
;     Processor 3            ;   0.0%      ;
;     Processor 4            ;   0.0%      ;
;     Processor 5            ;   0.0%      ;
;     Processor 6            ;   0.0%      ;
+----------------------------+-------------+


+---------------------------------------------------------------------------------------------------------------------------------------------------------------------------------------+
; Analysis & Synthesis Source Files Read                                                                                                                                                ;
+----------------------------------+-----------------+----------------------------------+-------------------------------------------------------------------------------------+---------+
; File Name with User-Entered Path ; Used in Netlist ; File Type                        ; File Name with Absolute Path                                                        ; Library ;
+----------------------------------+-----------------+----------------------------------+-------------------------------------------------------------------------------------+---------+
; lhnRISC621_v.v                   ; yes             ; User Verilog HDL File            ; C:/Users/Long Nguyen/Documents/RIT/RIT_Fall_22/DCS/Lab_2/lhnRISC621_v.v             ;         ;
; lhn_ir2assembly_v.v              ; yes             ; User Verilog HDL File            ; C:/Users/Long Nguyen/Documents/RIT/RIT_Fall_22/DCS/Lab_2/lhn_ir2assembly_v.v        ;         ;
; lhnRISC621_v.mif                 ; yes             ; User Memory Initialization File  ; C:/Users/Long Nguyen/Documents/RIT/RIT_Fall_22/DCS/Lab_2/lhnRISC621_v.mif           ;         ;
; lhn_mm.v                         ; yes             ; User Wizard-Generated File       ; C:/Users/Long Nguyen/Documents/RIT/RIT_Fall_22/DCS/Lab_2/lhn_mm.v                   ;         ;
; altsyncram.tdf                   ; yes             ; Megafunction                     ; c:/intelfpga_lite/18.1/quartus/libraries/megafunctions/altsyncram.tdf               ;         ;
; stratix_ram_block.inc            ; yes             ; Megafunction                     ; c:/intelfpga_lite/18.1/quartus/libraries/megafunctions/stratix_ram_block.inc        ;         ;
; lpm_mux.inc                      ; yes             ; Megafunction                     ; c:/intelfpga_lite/18.1/quartus/libraries/megafunctions/lpm_mux.inc                  ;         ;
; lpm_decode.inc                   ; yes             ; Megafunction                     ; c:/intelfpga_lite/18.1/quartus/libraries/megafunctions/lpm_decode.inc               ;         ;
; aglobal181.inc                   ; yes             ; Megafunction                     ; c:/intelfpga_lite/18.1/quartus/libraries/megafunctions/aglobal181.inc               ;         ;
; a_rdenreg.inc                    ; yes             ; Megafunction                     ; c:/intelfpga_lite/18.1/quartus/libraries/megafunctions/a_rdenreg.inc                ;         ;
; altrom.inc                       ; yes             ; Megafunction                     ; c:/intelfpga_lite/18.1/quartus/libraries/megafunctions/altrom.inc                   ;         ;
; altram.inc                       ; yes             ; Megafunction                     ; c:/intelfpga_lite/18.1/quartus/libraries/megafunctions/altram.inc                   ;         ;
; altdpram.inc                     ; yes             ; Megafunction                     ; c:/intelfpga_lite/18.1/quartus/libraries/megafunctions/altdpram.inc                 ;         ;
; db/altsyncram_m0p1.tdf           ; yes             ; Auto-Generated Megafunction      ; C:/Users/Long Nguyen/Documents/RIT/RIT_Fall_22/DCS/Lab_2/db/altsyncram_m0p1.tdf     ;         ;
; lpm_divide.tdf                   ; yes             ; Megafunction                     ; c:/intelfpga_lite/18.1/quartus/libraries/megafunctions/lpm_divide.tdf               ;         ;
; abs_divider.inc                  ; yes             ; Megafunction                     ; c:/intelfpga_lite/18.1/quartus/libraries/megafunctions/abs_divider.inc              ;         ;
; sign_div_unsign.inc              ; yes             ; Megafunction                     ; c:/intelfpga_lite/18.1/quartus/libraries/megafunctions/sign_div_unsign.inc          ;         ;
; db/lpm_divide_3dm.tdf            ; yes             ; Auto-Generated Megafunction      ; C:/Users/Long Nguyen/Documents/RIT/RIT_Fall_22/DCS/Lab_2/db/lpm_divide_3dm.tdf      ;         ;
; db/sign_div_unsign_9nh.tdf       ; yes             ; Auto-Generated Megafunction      ; C:/Users/Long Nguyen/Documents/RIT/RIT_Fall_22/DCS/Lab_2/db/sign_div_unsign_9nh.tdf ;         ;
; db/alt_u_div_o2f.tdf             ; yes             ; Auto-Generated Megafunction      ; C:/Users/Long Nguyen/Documents/RIT/RIT_Fall_22/DCS/Lab_2/db/alt_u_div_o2f.tdf       ;         ;
+----------------------------------+-----------------+----------------------------------+-------------------------------------------------------------------------------------+---------+


+---------------------------------------------------------------+
; Analysis & Synthesis Resource Usage Summary                   ;
+---------------------------------------------+-----------------+
; Resource                                    ; Usage           ;
+---------------------------------------------+-----------------+
; Estimate of Logic utilization (ALMs needed) ; 733             ;
;                                             ;                 ;
; Combinational ALUT usage for logic          ; 1130            ;
;     -- 7 input functions                    ; 18              ;
;     -- 6 input functions                    ; 308             ;
;     -- 5 input functions                    ; 250             ;
;     -- 4 input functions                    ; 187             ;
;     -- <=3 input functions                  ; 367             ;
;                                             ;                 ;
; Dedicated logic registers                   ; 473             ;
;                                             ;                 ;
; I/O pins                                    ; 111             ;
; Total MLAB memory bits                      ; 0               ;
; Total block memory bits                     ; 14336           ;
;                                             ;                 ;
; Total DSP Blocks                            ; 1               ;
;                                             ;                 ;
; Maximum fan-out node                        ; Clock_pin~input ;
; Maximum fan-out                             ; 487             ;
; Total fan-out                               ; 7160            ;
; Average fan-out                             ; 3.89            ;
+---------------------------------------------+-----------------+


+---------------------------------------------------------------------------------------------------------------------------------------------------------------------------------------------------------------------------------------------------------------------------------------------------------+
; Analysis & Synthesis Resource Utilization by Entity                                                                                                                                                                                                                                                     ;
+-------------------------------------------+---------------------+---------------------------+-------------------+------------+------+--------------+---------------------------------------------------------------------------------------------------------------+---------------------+--------------+
; Compilation Hierarchy Node                ; Combinational ALUTs ; Dedicated Logic Registers ; Block Memory Bits ; DSP Blocks ; Pins ; Virtual Pins ; Full Hierarchy Name                                                                                           ; Entity Name         ; Library Name ;
+-------------------------------------------+---------------------+---------------------------+-------------------+------------+------+--------------+---------------------------------------------------------------------------------------------------------------+---------------------+--------------+
; |lhnRISC621_v                             ; 1130 (779)          ; 473 (395)                 ; 14336             ; 1          ; 111  ; 0            ; |lhnRISC621_v                                                                                                 ; lhnRISC621_v        ; work         ;
;    |lhn_ir2assembly_v:IWdecode|           ; 114 (114)           ; 78 (78)                   ; 0                 ; 0          ; 0    ; 0            ; |lhnRISC621_v|lhn_ir2assembly_v:IWdecode                                                                      ; lhn_ir2assembly_v   ; work         ;
;    |lhn_mm:main_memory|                   ; 0 (0)               ; 0 (0)                     ; 14336             ; 0          ; 0    ; 0            ; |lhnRISC621_v|lhn_mm:main_memory                                                                              ; lhn_mm              ; work         ;
;       |altsyncram:altsyncram_component|   ; 0 (0)               ; 0 (0)                     ; 14336             ; 0          ; 0    ; 0            ; |lhnRISC621_v|lhn_mm:main_memory|altsyncram:altsyncram_component                                              ; altsyncram          ; work         ;
;          |altsyncram_m0p1:auto_generated| ; 0 (0)               ; 0 (0)                     ; 14336             ; 0          ; 0    ; 0            ; |lhnRISC621_v|lhn_mm:main_memory|altsyncram:altsyncram_component|altsyncram_m0p1:auto_generated               ; altsyncram_m0p1     ; work         ;
;    |lpm_divide:Div0|                      ; 237 (0)             ; 0 (0)                     ; 0                 ; 0          ; 0    ; 0            ; |lhnRISC621_v|lpm_divide:Div0                                                                                 ; lpm_divide          ; work         ;
;       |lpm_divide_3dm:auto_generated|     ; 237 (0)             ; 0 (0)                     ; 0                 ; 0          ; 0    ; 0            ; |lhnRISC621_v|lpm_divide:Div0|lpm_divide_3dm:auto_generated                                                   ; lpm_divide_3dm      ; work         ;
;          |sign_div_unsign_9nh:divider|    ; 237 (0)             ; 0 (0)                     ; 0                 ; 0          ; 0    ; 0            ; |lhnRISC621_v|lpm_divide:Div0|lpm_divide_3dm:auto_generated|sign_div_unsign_9nh:divider                       ; sign_div_unsign_9nh ; work         ;
;             |alt_u_div_o2f:divider|       ; 237 (237)           ; 0 (0)                     ; 0                 ; 0          ; 0    ; 0            ; |lhnRISC621_v|lpm_divide:Div0|lpm_divide_3dm:auto_generated|sign_div_unsign_9nh:divider|alt_u_div_o2f:divider ; alt_u_div_o2f       ; work         ;
+-------------------------------------------+---------------------+---------------------------+-------------------+------------+------+--------------+---------------------------------------------------------------------------------------------------------------+---------------------+--------------+
Note: For table entries with two numbers listed, the numbers in parentheses indicate the number of resources of the given type used by the specific entity alone. The numbers listed outside of parentheses indicate the total resources of the given type used by the specific entity and all of its sub-entities in the hierarchy.


+----------------------------------------------------------------------------------------------------------------------------------------------------------------------------------------------------------+
; Analysis & Synthesis RAM Summary                                                                                                                                                                         ;
+----------------------------------------------------------------------------------------------+------+-------------+--------------+--------------+--------------+--------------+-------+------------------+
; Name                                                                                         ; Type ; Mode        ; Port A Depth ; Port A Width ; Port B Depth ; Port B Width ; Size  ; MIF              ;
+----------------------------------------------------------------------------------------------+------+-------------+--------------+--------------+--------------+--------------+-------+------------------+
; lhn_mm:main_memory|altsyncram:altsyncram_component|altsyncram_m0p1:auto_generated|ALTSYNCRAM ; AUTO ; Single Port ; 1024         ; 14           ; --           ; --           ; 14336 ; lhnRISC621_v.mif ;
+----------------------------------------------------------------------------------------------+------+-------------+--------------+--------------+--------------+--------------+-------+------------------+


+-----------------------------------------------+
; Analysis & Synthesis DSP Block Usage Summary  ;
+---------------------------------+-------------+
; Statistic                       ; Number Used ;
+---------------------------------+-------------+
; Two Independent 18x18           ; 1           ;
; Total number of DSP blocks      ; 1           ;
;                                 ;             ;
; Fixed Point Unsigned Multiplier ; 1           ;
+---------------------------------+-------------+


+--------------------------------------------------------------------------------------------------------------------+
; Analysis & Synthesis IP Cores Summary                                                                              ;
+--------+--------------+---------+--------------+--------------+----------------------------------+-----------------+
; Vendor ; IP Core Name ; Version ; Release Date ; License Type ; Entity Instance                  ; IP Include File ;
+--------+--------------+---------+--------------+--------------+----------------------------------+-----------------+
; Altera ; RAM: 1-PORT  ; 18.1    ; N/A          ; N/A          ; |lhnRISC621_v|lhn_mm:main_memory ; lhn_mm.v        ;
+--------+--------------+---------+--------------+--------------+----------------------------------+-----------------+


Encoding Type:  One-Hot
+--------------------------------------------+
; State Machine - |lhnRISC621_v|MC           ;
+--------+--------+--------+--------+--------+
; Name   ; MC.MC3 ; MC.MC2 ; MC.MC1 ; MC.MC0 ;
+--------+--------+--------+--------+--------+
; MC.MC0 ; 0      ; 0      ; 0      ; 0      ;
; MC.MC1 ; 0      ; 0      ; 1      ; 1      ;
; MC.MC2 ; 0      ; 1      ; 0      ; 1      ;
; MC.MC3 ; 1      ; 0      ; 0      ; 1      ;
+--------+--------+--------+--------+--------+


+--------------------------------------------------------------------------------------------------------------------------------+
; Registers Removed During Synthesis                                                                                             ;
+---------------------------------------------------------------------------------------+----------------------------------------+
; Register name                                                                         ; Reason for Removal                     ;
+---------------------------------------------------------------------------------------+----------------------------------------+
; lhn_ir2assembly_v:IWdecode|ICis[7,15,23,31,33,36,39,47,55,62,63,67,71,79,85,87,93,95] ; Stuck at GND due to stuck port data_in ;
; Ri[4..28]                                                                             ; Stuck at GND due to stuck port data_in ;
; Rj[4..31]                                                                             ; Stuck at GND due to stuck port data_in ;
; Ri[29..31]                                                                            ; Stuck at GND due to stuck port data_in ;
; Rj[3]                                                                                 ; Merged with IR[3]                      ;
; Rj[2]                                                                                 ; Merged with IR[2]                      ;
; Rj[1]                                                                                 ; Merged with IR[1]                      ;
; Rj[0]                                                                                 ; Merged with IR[0]                      ;
; Ri[0]                                                                                 ; Merged with IR[4]                      ;
; Ri[1]                                                                                 ; Merged with IR[5]                      ;
; Ri[2]                                                                                 ; Merged with IR[6]                      ;
; Ri[3]                                                                                 ; Merged with IR[7]                      ;
; MC~2                                                                                  ; Lost fanout                            ;
; MC~3                                                                                  ; Lost fanout                            ;
; PC[10..13]                                                                            ; Lost fanout                            ;
; Total Number of Removed Registers = 88                                                ;                                        ;
+---------------------------------------------------------------------------------------+----------------------------------------+


+-----------------------------------------------------------------------------+
; Removed Registers Triggering Further Register Optimizations                 ;
+---------------+--------------------+----------------------------------------+
; Register name ; Reason for Removal ; Registers Removed due to This Register ;
+---------------+--------------------+----------------------------------------+
; PC[13]        ; Lost Fanouts       ; PC[12], PC[11], PC[10]                 ;
+---------------+--------------------+----------------------------------------+


+------------------------------------------------------+
; General Register Statistics                          ;
+----------------------------------------------+-------+
; Statistic                                    ; Value ;
+----------------------------------------------+-------+
; Total registers                              ; 473   ;
; Number of registers using Synchronous Clear  ; 376   ;
; Number of registers using Synchronous Load   ; 18    ;
; Number of registers using Asynchronous Clear ; 0     ;
; Number of registers using Asynchronous Load  ; 0     ;
; Number of registers using Clock Enable       ; 391   ;
; Number of registers using Preset             ; 0     ;
+----------------------------------------------+-------+


+-----------------------------------------------------------------------------------------------------------------------------------------------------------------+
; Multiplexer Restructuring Statistics (Restructuring Performed)                                                                                                  ;
+--------------------+-----------+---------------+----------------------+------------------------+------------+---------------------------------------------------+
; Multiplexer Inputs ; Bus Width ; Baseline Area ; Area if Restructured ; Saving if Restructured ; Registered ; Example Multiplexer Output                        ;
+--------------------+-----------+---------------+----------------------+------------------------+------------+---------------------------------------------------+
; 3:1                ; 4 bits    ; 8 LEs         ; 8 LEs                ; 0 LEs                  ; Yes        ; |lhnRISC621_v|lhn_ir2assembly_v:IWdecode|ICis[57] ;
; 3:1                ; 2 bits    ; 4 LEs         ; 4 LEs                ; 0 LEs                  ; Yes        ; |lhnRISC621_v|lhn_ir2assembly_v:IWdecode|ICis[43] ;
; 3:1                ; 14 bits   ; 28 LEs        ; 0 LEs                ; 28 LEs                 ; Yes        ; |lhnRISC621_v|TALUL[3]                            ;
; 3:1                ; 14 bits   ; 28 LEs        ; 0 LEs                ; 28 LEs                 ; Yes        ; |lhnRISC621_v|MAB[8]                              ;
; 3:1                ; 14 bits   ; 28 LEs        ; 0 LEs                ; 28 LEs                 ; Yes        ; |lhnRISC621_v|DM_in[4]                            ;
; 3:1                ; 4 bits    ; 8 LEs         ; 4 LEs                ; 4 LEs                  ; Yes        ; |lhnRISC621_v|SR[9]                               ;
; 4:1                ; 14 bits   ; 28 LEs        ; 0 LEs                ; 28 LEs                 ; Yes        ; |lhnRISC621_v|MAX[7]                              ;
; 4:1                ; 14 bits   ; 28 LEs        ; 0 LEs                ; 28 LEs                 ; Yes        ; |lhnRISC621_v|MAeff[9]                            ;
; 4:1                ; 14 bits   ; 28 LEs        ; 0 LEs                ; 28 LEs                 ; Yes        ; |lhnRISC621_v|TA[5]                               ;
; 19:1               ; 2 bits    ; 24 LEs        ; 8 LEs                ; 16 LEs                 ; Yes        ; |lhnRISC621_v|lhn_ir2assembly_v:IWdecode|ICis[41] ;
; 66:1               ; 10 bits   ; 440 LEs       ; 0 LEs                ; 440 LEs                ; Yes        ; |lhnRISC621_v|TB[9]                               ;
; 24:1               ; 14 bits   ; 224 LEs       ; 28 LEs               ; 196 LEs                ; Yes        ; |lhnRISC621_v|TALUout[0]                          ;
; 50:1               ; 14 bits   ; 462 LEs       ; 28 LEs               ; 434 LEs                ; Yes        ; |lhnRISC621_v|R[15][12]                           ;
; 15:1               ; 4 bits    ; 40 LEs        ; 8 LEs                ; 32 LEs                 ; Yes        ; |lhnRISC621_v|TB[0]                               ;
; 52:1               ; 14 bits   ; 476 LEs       ; 28 LEs               ; 448 LEs                ; Yes        ; |lhnRISC621_v|R[14][12]                           ;
; 52:1               ; 14 bits   ; 476 LEs       ; 28 LEs               ; 448 LEs                ; Yes        ; |lhnRISC621_v|R[13][4]                            ;
; 52:1               ; 14 bits   ; 476 LEs       ; 28 LEs               ; 448 LEs                ; Yes        ; |lhnRISC621_v|R[12][6]                            ;
; 52:1               ; 14 bits   ; 476 LEs       ; 28 LEs               ; 448 LEs                ; Yes        ; |lhnRISC621_v|R[11][0]                            ;
; 52:1               ; 14 bits   ; 476 LEs       ; 28 LEs               ; 448 LEs                ; Yes        ; |lhnRISC621_v|R[10][0]                            ;
; 52:1               ; 14 bits   ; 476 LEs       ; 28 LEs               ; 448 LEs                ; Yes        ; |lhnRISC621_v|R[9][1]                             ;
; 52:1               ; 14 bits   ; 476 LEs       ; 28 LEs               ; 448 LEs                ; Yes        ; |lhnRISC621_v|R[8][4]                             ;
; 52:1               ; 14 bits   ; 476 LEs       ; 28 LEs               ; 448 LEs                ; Yes        ; |lhnRISC621_v|R[7][10]                            ;
; 52:1               ; 14 bits   ; 476 LEs       ; 28 LEs               ; 448 LEs                ; Yes        ; |lhnRISC621_v|R[6][2]                             ;
; 52:1               ; 14 bits   ; 476 LEs       ; 28 LEs               ; 448 LEs                ; Yes        ; |lhnRISC621_v|R[5][13]                            ;
; 52:1               ; 14 bits   ; 476 LEs       ; 28 LEs               ; 448 LEs                ; Yes        ; |lhnRISC621_v|R[4][13]                            ;
; 52:1               ; 14 bits   ; 476 LEs       ; 28 LEs               ; 448 LEs                ; Yes        ; |lhnRISC621_v|R[3][7]                             ;
; 52:1               ; 14 bits   ; 476 LEs       ; 28 LEs               ; 448 LEs                ; Yes        ; |lhnRISC621_v|R[2][0]                             ;
; 52:1               ; 14 bits   ; 476 LEs       ; 28 LEs               ; 448 LEs                ; Yes        ; |lhnRISC621_v|R[1][3]                             ;
; 52:1               ; 14 bits   ; 476 LEs       ; 28 LEs               ; 448 LEs                ; Yes        ; |lhnRISC621_v|R[0][3]                             ;
; 30:1               ; 14 bits   ; 280 LEs       ; 0 LEs                ; 280 LEs                ; Yes        ; |lhnRISC621_v|PC[8]                               ;
; 36:1               ; 2 bits    ; 48 LEs        ; 20 LEs               ; 28 LEs                 ; Yes        ; |lhnRISC621_v|TALUH[10]                           ;
; 36:1               ; 2 bits    ; 48 LEs        ; 22 LEs               ; 26 LEs                 ; Yes        ; |lhnRISC621_v|TALUH[3]                            ;
; 37:1               ; 4 bits    ; 96 LEs        ; 44 LEs               ; 52 LEs                 ; Yes        ; |lhnRISC621_v|TALUH[7]                            ;
; 16:1               ; 14 bits   ; 140 LEs       ; 140 LEs              ; 0 LEs                  ; No         ; |lhnRISC621_v|Mux100                              ;
; 16:1               ; 14 bits   ; 140 LEs       ; 140 LEs              ; 0 LEs                  ; No         ; |lhnRISC621_v|Mux10                               ;
+--------------------+-----------+---------------+----------------------+------------------------+------------+---------------------------------------------------+


+----------------------------------------------------------------------------------------------------------+
; Source assignments for lhn_mm:main_memory|altsyncram:altsyncram_component|altsyncram_m0p1:auto_generated ;
+---------------------------------+--------------------+------+--------------------------------------------+
; Assignment                      ; Value              ; From ; To                                         ;
+---------------------------------+--------------------+------+--------------------------------------------+
; OPTIMIZE_POWER_DURING_SYNTHESIS ; NORMAL_COMPILATION ; -    ; -                                          ;
+---------------------------------+--------------------+------+--------------------------------------------+


+------------------------------------------------------------------------------+
; Parameter Settings for User Entity Instance: Top-level Entity: |lhnRISC621_v ;
+----------------+--------+----------------------------------------------------+
; Parameter Name ; Value  ; Type                                               ;
+----------------+--------+----------------------------------------------------+
; MC0            ; 00     ; Unsigned Binary                                    ;
; MC1            ; 01     ; Unsigned Binary                                    ;
; MC2            ; 10     ; Unsigned Binary                                    ;
; MC3            ; 11     ; Unsigned Binary                                    ;
; LD_IC          ; 000000 ; Unsigned Binary                                    ;
; ST_IC          ; 000001 ; Unsigned Binary                                    ;
; CPY_IC         ; 000010 ; Unsigned Binary                                    ;
; SWAP_IC        ; 000011 ; Unsigned Binary                                    ;
; JMP_IC         ; 000100 ; Unsigned Binary                                    ;
; ADD_IC         ; 000101 ; Unsigned Binary                                    ;
; SUB_IC         ; 000110 ; Unsigned Binary                                    ;
; ADDC_IC        ; 000111 ; Unsigned Binary                                    ;
; SUBC_IC        ; 001000 ; Unsigned Binary                                    ;
; MUL_IC         ; 001001 ; Unsigned Binary                                    ;
; DIV_IC         ; 001010 ; Unsigned Binary                                    ;
; NOT_IC         ; 001011 ; Unsigned Binary                                    ;
; AND_IC         ; 001100 ; Unsigned Binary                                    ;
; OR_IC          ; 001101 ; Unsigned Binary                                    ;
; XOR_IC         ; 001110 ; Unsigned Binary                                    ;
; SRL_IC         ; 001111 ; Unsigned Binary                                    ;
; SRA_IC         ; 010000 ; Unsigned Binary                                    ;
; ROTL_IC        ; 010001 ; Unsigned Binary                                    ;
; ROTR_IC        ; 010010 ; Unsigned Binary                                    ;
; RLN_IC         ; 010011 ; Unsigned Binary                                    ;
; RLZ_IC         ; 010100 ; Unsigned Binary                                    ;
; RRC_IC         ; 010101 ; Unsigned Binary                                    ;
; RRV_IC         ; 010110 ; Unsigned Binary                                    ;
; VADD_IC        ; 001110 ; Unsigned Binary                                    ;
; VSUB_IC        ; 001111 ; Unsigned Binary                                    ;
; JU             ; 0000   ; Unsigned Binary                                    ;
; JC1            ; 1000   ; Unsigned Binary                                    ;
; JN1            ; 0100   ; Unsigned Binary                                    ;
; JV1            ; 0010   ; Unsigned Binary                                    ;
; JZ1            ; 0001   ; Unsigned Binary                                    ;
; JC0            ; 0111   ; Unsigned Binary                                    ;
; JN0            ; 1011   ; Unsigned Binary                                    ;
; JV0            ; 1101   ; Unsigned Binary                                    ;
; JZ0            ; 1110   ; Unsigned Binary                                    ;
+----------------+--------+----------------------------------------------------+
Note: In order to hide this table in the UI and the text report file, please set the "Show Parameter Settings in Synthesis Report" option in "Analysis and Synthesis Settings -> More Settings" to "Off".


+-------------------------------------------------------------------------------------------------+
; Parameter Settings for User Entity Instance: lhn_mm:main_memory|altsyncram:altsyncram_component ;
+------------------------------------+----------------------+-------------------------------------+
; Parameter Name                     ; Value                ; Type                                ;
+------------------------------------+----------------------+-------------------------------------+
; BYTE_SIZE_BLOCK                    ; 8                    ; Untyped                             ;
; AUTO_CARRY_CHAINS                  ; ON                   ; AUTO_CARRY                          ;
; IGNORE_CARRY_BUFFERS               ; OFF                  ; IGNORE_CARRY                        ;
; AUTO_CASCADE_CHAINS                ; ON                   ; AUTO_CASCADE                        ;
; IGNORE_CASCADE_BUFFERS             ; OFF                  ; IGNORE_CASCADE                      ;
; WIDTH_BYTEENA                      ; 1                    ; Untyped                             ;
; OPERATION_MODE                     ; SINGLE_PORT          ; Untyped                             ;
; WIDTH_A                            ; 14                   ; Signed Integer                      ;
; WIDTHAD_A                          ; 10                   ; Signed Integer                      ;
; NUMWORDS_A                         ; 1024                 ; Signed Integer                      ;
; OUTDATA_REG_A                      ; UNREGISTERED         ; Untyped                             ;
; ADDRESS_ACLR_A                     ; NONE                 ; Untyped                             ;
; OUTDATA_ACLR_A                     ; NONE                 ; Untyped                             ;
; WRCONTROL_ACLR_A                   ; NONE                 ; Untyped                             ;
; INDATA_ACLR_A                      ; NONE                 ; Untyped                             ;
; BYTEENA_ACLR_A                     ; NONE                 ; Untyped                             ;
; WIDTH_B                            ; 1                    ; Untyped                             ;
; WIDTHAD_B                          ; 1                    ; Untyped                             ;
; NUMWORDS_B                         ; 1                    ; Untyped                             ;
; INDATA_REG_B                       ; CLOCK1               ; Untyped                             ;
; WRCONTROL_WRADDRESS_REG_B          ; CLOCK1               ; Untyped                             ;
; RDCONTROL_REG_B                    ; CLOCK1               ; Untyped                             ;
; ADDRESS_REG_B                      ; CLOCK1               ; Untyped                             ;
; OUTDATA_REG_B                      ; UNREGISTERED         ; Untyped                             ;
; BYTEENA_REG_B                      ; CLOCK1               ; Untyped                             ;
; INDATA_ACLR_B                      ; NONE                 ; Untyped                             ;
; WRCONTROL_ACLR_B                   ; NONE                 ; Untyped                             ;
; ADDRESS_ACLR_B                     ; NONE                 ; Untyped                             ;
; OUTDATA_ACLR_B                     ; NONE                 ; Untyped                             ;
; RDCONTROL_ACLR_B                   ; NONE                 ; Untyped                             ;
; BYTEENA_ACLR_B                     ; NONE                 ; Untyped                             ;
; WIDTH_BYTEENA_A                    ; 1                    ; Signed Integer                      ;
; WIDTH_BYTEENA_B                    ; 1                    ; Untyped                             ;
; RAM_BLOCK_TYPE                     ; AUTO                 ; Untyped                             ;
; BYTE_SIZE                          ; 8                    ; Untyped                             ;
; READ_DURING_WRITE_MODE_MIXED_PORTS ; DONT_CARE            ; Untyped                             ;
; READ_DURING_WRITE_MODE_PORT_A      ; NEW_DATA_NO_NBE_READ ; Untyped                             ;
; READ_DURING_WRITE_MODE_PORT_B      ; NEW_DATA_NO_NBE_READ ; Untyped                             ;
; INIT_FILE                          ; lhnRISC621_v.mif     ; Untyped                             ;
; INIT_FILE_LAYOUT                   ; PORT_A               ; Untyped                             ;
; MAXIMUM_DEPTH                      ; 0                    ; Untyped                             ;
; CLOCK_ENABLE_INPUT_A               ; BYPASS               ; Untyped                             ;
; CLOCK_ENABLE_INPUT_B               ; NORMAL               ; Untyped                             ;
; CLOCK_ENABLE_OUTPUT_A              ; BYPASS               ; Untyped                             ;
; CLOCK_ENABLE_OUTPUT_B              ; NORMAL               ; Untyped                             ;
; CLOCK_ENABLE_CORE_A                ; USE_INPUT_CLKEN      ; Untyped                             ;
; CLOCK_ENABLE_CORE_B                ; USE_INPUT_CLKEN      ; Untyped                             ;
; ENABLE_ECC                         ; FALSE                ; Untyped                             ;
; ECC_PIPELINE_STAGE_ENABLED         ; FALSE                ; Untyped                             ;
; WIDTH_ECCSTATUS                    ; 3                    ; Untyped                             ;
; DEVICE_FAMILY                      ; Cyclone V            ; Untyped                             ;
; CBXI_PARAMETER                     ; altsyncram_m0p1      ; Untyped                             ;
+------------------------------------+----------------------+-------------------------------------+
Note: In order to hide this table in the UI and the text report file, please set the "Show Parameter Settings in Synthesis Report" option in "Analysis and Synthesis Settings -> More Settings" to "Off".


+------------------------------------------------------------------+
; Parameter Settings for Inferred Entity Instance: lpm_divide:Div0 ;
+------------------------+----------------+------------------------+
; Parameter Name         ; Value          ; Type                   ;
+------------------------+----------------+------------------------+
; LPM_WIDTHN             ; 14             ; Untyped                ;
; LPM_WIDTHD             ; 14             ; Untyped                ;
; LPM_NREPRESENTATION    ; UNSIGNED       ; Untyped                ;
; LPM_DREPRESENTATION    ; UNSIGNED       ; Untyped                ;
; LPM_PIPELINE           ; 0              ; Untyped                ;
; LPM_REMAINDERPOSITIVE  ; TRUE           ; Untyped                ;
; MAXIMIZE_SPEED         ; 5              ; Untyped                ;
; CBXI_PARAMETER         ; lpm_divide_3dm ; Untyped                ;
; CARRY_CHAIN            ; MANUAL         ; Untyped                ;
; OPTIMIZE_FOR_SPEED     ; 5              ; Untyped                ;
; AUTO_CARRY_CHAINS      ; ON             ; AUTO_CARRY             ;
; IGNORE_CARRY_BUFFERS   ; OFF            ; IGNORE_CARRY           ;
; AUTO_CASCADE_CHAINS    ; ON             ; AUTO_CASCADE           ;
; IGNORE_CASCADE_BUFFERS ; OFF            ; IGNORE_CASCADE         ;
+------------------------+----------------+------------------------+
Note: In order to hide this table in the UI and the text report file, please set the "Show Parameter Settings in Synthesis Report" option in "Analysis and Synthesis Settings -> More Settings" to "Off".


+------------------------------------------------------------------------------------------------+
; altsyncram Parameter Settings by Entity Instance                                               ;
+-------------------------------------------+----------------------------------------------------+
; Name                                      ; Value                                              ;
+-------------------------------------------+----------------------------------------------------+
; Number of entity instances                ; 1                                                  ;
; Entity Instance                           ; lhn_mm:main_memory|altsyncram:altsyncram_component ;
;     -- OPERATION_MODE                     ; SINGLE_PORT                                        ;
;     -- WIDTH_A                            ; 14                                                 ;
;     -- NUMWORDS_A                         ; 1024                                               ;
;     -- OUTDATA_REG_A                      ; UNREGISTERED                                       ;
;     -- WIDTH_B                            ; 1                                                  ;
;     -- NUMWORDS_B                         ; 1                                                  ;
;     -- ADDRESS_REG_B                      ; CLOCK1                                             ;
;     -- OUTDATA_REG_B                      ; UNREGISTERED                                       ;
;     -- RAM_BLOCK_TYPE                     ; AUTO                                               ;
;     -- READ_DURING_WRITE_MODE_MIXED_PORTS ; DONT_CARE                                          ;
+-------------------------------------------+----------------------------------------------------+


+--------------------------------------------------------------------------------------------------------------------------------------------------------------------------+
; Port Connectivity Checks: "lhn_ir2assembly_v:IWdecode"                                                                                                                   ;
+------+-------+----------+------------------------------------------------------------------------------------------------------------------------------------------------+
; Port ; Type  ; Severity ; Details                                                                                                                                        ;
+------+-------+----------+------------------------------------------------------------------------------------------------------------------------------------------------+
; IR   ; Input ; Warning  ; Input port expression (14 bits) is smaller than the input port (16 bits) it drives.  Extra input bit(s) "IR[15..14]" will be connected to GND. ;
+------+-------+----------+------------------------------------------------------------------------------------------------------------------------------------------------+


+-----------------------------------------------------+
; Post-Synthesis Netlist Statistics for Top Partition ;
+-----------------------+-----------------------------+
; Type                  ; Count                       ;
+-----------------------+-----------------------------+
; arriav_ff             ; 473                         ;
;     ENA               ; 47                          ;
;     ENA SCLR          ; 334                         ;
;     ENA SCLR SLD      ; 10                          ;
;     SCLR              ; 32                          ;
;     SLD               ; 8                           ;
;     plain             ; 42                          ;
; arriav_lcell_comb     ; 1131                        ;
;     arith             ; 160                         ;
;         0 data inputs ; 23                          ;
;         1 data inputs ; 10                          ;
;         2 data inputs ; 39                          ;
;         5 data inputs ; 88                          ;
;     extend            ; 18                          ;
;         7 data inputs ; 18                          ;
;     normal            ; 929                         ;
;         0 data inputs ; 1                           ;
;         1 data inputs ; 9                           ;
;         2 data inputs ; 41                          ;
;         3 data inputs ; 224                         ;
;         4 data inputs ; 184                         ;
;         5 data inputs ; 162                         ;
;         6 data inputs ; 308                         ;
;     shared            ; 24                          ;
;         0 data inputs ; 4                           ;
;         2 data inputs ; 17                          ;
;         4 data inputs ; 3                           ;
; arriav_mac            ; 1                           ;
; boundary_port         ; 111                         ;
; stratixv_ram_block    ; 14                          ;
;                       ;                             ;
; Max LUT depth         ; 32.10                       ;
; Average LUT depth     ; 8.65                        ;
+-----------------------+-----------------------------+


+-------------------------------+
; Elapsed Time Per Partition    ;
+----------------+--------------+
; Partition Name ; Elapsed Time ;
+----------------+--------------+
; Top            ; 00:00:08     ;
+----------------+--------------+


+-------------------------------+
; Analysis & Synthesis Messages ;
+-------------------------------+
Info: *******************************************************************
Info: Running Quartus Prime Analysis & Synthesis
    Info: Version 18.1.0 Build 625 09/12/2018 SJ Lite Edition
    Info: Processing started: Sat Sep 17 10:58:58 2022
Info: Command: quartus_map --read_settings_files=on --write_settings_files=off lhnRISC621_v -c lhnRISC621_v
Warning (18236): Number of processors has not been specified which may cause overloading on shared machines.  Set the global assignment NUM_PARALLEL_PROCESSORS in your QSF to an appropriate value for best performance.
Info (20030): Parallel compilation is enabled and will use 6 of the 6 processors detected
Warning (10229): Verilog HDL Expression warning at lhnRISC621_v.v(188): truncated literal to match 10 bits File: C:/Users/Long Nguyen/Documents/RIT/RIT_Fall_22/DCS/Lab_2/lhnRISC621_v.v Line: 188
Warning (10229): Verilog HDL Expression warning at lhnRISC621_v.v(479): truncated literal to match 10 bits File: C:/Users/Long Nguyen/Documents/RIT/RIT_Fall_22/DCS/Lab_2/lhnRISC621_v.v Line: 479
Warning (10229): Verilog HDL Expression warning at lhnRISC621_v.v(488): truncated literal to match 10 bits File: C:/Users/Long Nguyen/Documents/RIT/RIT_Fall_22/DCS/Lab_2/lhnRISC621_v.v Line: 488
Info (12021): Found 1 design units, including 1 entities, in source file lhnrisc621_v.v
    Info (12023): Found entity 1: lhnRISC621_v File: C:/Users/Long Nguyen/Documents/RIT/RIT_Fall_22/DCS/Lab_2/lhnRISC621_v.v Line: 16
Info (12021): Found 1 design units, including 1 entities, in source file lhnrisc621_v_tb.v
    Info (12023): Found entity 1: lhnRISC621_v_tb File: C:/Users/Long Nguyen/Documents/RIT/RIT_Fall_22/DCS/Lab_2/lhnRISC621_v_tb.v Line: 5
Info (12021): Found 1 design units, including 1 entities, in source file lhn_ir2assembly_v.v
    Info (12023): Found entity 1: lhn_ir2assembly_v File: C:/Users/Long Nguyen/Documents/RIT/RIT_Fall_22/DCS/Lab_2/lhn_ir2assembly_v.v Line: 1
Info (12021): Found 1 design units, including 1 entities, in source file lhn_mm.v
    Info (12023): Found entity 1: lhn_mm File: C:/Users/Long Nguyen/Documents/RIT/RIT_Fall_22/DCS/Lab_2/lhn_mm.v Line: 39
Info (12127): Elaborating entity "lhnRISC621_v" for the top level hierarchy
Info (12128): Elaborating entity "lhn_mm" for hierarchy "lhn_mm:main_memory" File: C:/Users/Long Nguyen/Documents/RIT/RIT_Fall_22/DCS/Lab_2/lhnRISC621_v.v Line: 86
Info (12128): Elaborating entity "altsyncram" for hierarchy "lhn_mm:main_memory|altsyncram:altsyncram_component" File: C:/Users/Long Nguyen/Documents/RIT/RIT_Fall_22/DCS/Lab_2/lhn_mm.v Line: 85
Info (12130): Elaborated megafunction instantiation "lhn_mm:main_memory|altsyncram:altsyncram_component" File: C:/Users/Long Nguyen/Documents/RIT/RIT_Fall_22/DCS/Lab_2/lhn_mm.v Line: 85
Info (12133): Instantiated megafunction "lhn_mm:main_memory|altsyncram:altsyncram_component" with the following parameter: File: C:/Users/Long Nguyen/Documents/RIT/RIT_Fall_22/DCS/Lab_2/lhn_mm.v Line: 85
    Info (12134): Parameter "clock_enable_input_a" = "BYPASS"
    Info (12134): Parameter "clock_enable_output_a" = "BYPASS"
    Info (12134): Parameter "init_file" = "lhnRISC621_v.mif"
    Info (12134): Parameter "intended_device_family" = "Cyclone V"
    Info (12134): Parameter "lpm_hint" = "ENABLE_RUNTIME_MOD=NO"
    Info (12134): Parameter "lpm_type" = "altsyncram"
    Info (12134): Parameter "numwords_a" = "1024"
    Info (12134): Parameter "operation_mode" = "SINGLE_PORT"
    Info (12134): Parameter "outdata_aclr_a" = "NONE"
    Info (12134): Parameter "outdata_reg_a" = "UNREGISTERED"
    Info (12134): Parameter "power_up_uninitialized" = "FALSE"
    Info (12134): Parameter "read_during_write_mode_port_a" = "NEW_DATA_NO_NBE_READ"
    Info (12134): Parameter "widthad_a" = "10"
    Info (12134): Parameter "width_a" = "14"
    Info (12134): Parameter "width_byteena_a" = "1"
Info (12021): Found 1 design units, including 1 entities, in source file db/altsyncram_m0p1.tdf
    Info (12023): Found entity 1: altsyncram_m0p1 File: C:/Users/Long Nguyen/Documents/RIT/RIT_Fall_22/DCS/Lab_2/db/altsyncram_m0p1.tdf Line: 27
Info (12128): Elaborating entity "altsyncram_m0p1" for hierarchy "lhn_mm:main_memory|altsyncram:altsyncram_component|altsyncram_m0p1:auto_generated" File: c:/intelfpga_lite/18.1/quartus/libraries/megafunctions/altsyncram.tdf Line: 791
Info (12128): Elaborating entity "lhn_ir2assembly_v" for hierarchy "lhn_ir2assembly_v:IWdecode" File: C:/Users/Long Nguyen/Documents/RIT/RIT_Fall_22/DCS/Lab_2/lhnRISC621_v.v Line: 88
Warning (10230): Verilog HDL assignment warning at lhn_ir2assembly_v.v(64): truncated value with size 104 to match size of target (96) File: C:/Users/Long Nguyen/Documents/RIT/RIT_Fall_22/DCS/Lab_2/lhn_ir2assembly_v.v Line: 64
Warning (10230): Verilog HDL assignment warning at lhn_ir2assembly_v.v(65): truncated value with size 104 to match size of target (96) File: C:/Users/Long Nguyen/Documents/RIT/RIT_Fall_22/DCS/Lab_2/lhn_ir2assembly_v.v Line: 65
Info (278001): Inferred 1 megafunctions from design logic
    Info (278004): Inferred divider/modulo megafunction ("lpm_divide") from the following logic: "Div0" File: C:/Users/Long Nguyen/Documents/RIT/RIT_Fall_22/DCS/Lab_2/lhnRISC621_v.v Line: 237
Info (12130): Elaborated megafunction instantiation "lpm_divide:Div0" File: C:/Users/Long Nguyen/Documents/RIT/RIT_Fall_22/DCS/Lab_2/lhnRISC621_v.v Line: 237
Info (12133): Instantiated megafunction "lpm_divide:Div0" with the following parameter: File: C:/Users/Long Nguyen/Documents/RIT/RIT_Fall_22/DCS/Lab_2/lhnRISC621_v.v Line: 237
    Info (12134): Parameter "LPM_WIDTHN" = "14"
    Info (12134): Parameter "LPM_WIDTHD" = "14"
    Info (12134): Parameter "LPM_NREPRESENTATION" = "UNSIGNED"
    Info (12134): Parameter "LPM_DREPRESENTATION" = "UNSIGNED"
Info (12021): Found 1 design units, including 1 entities, in source file db/lpm_divide_3dm.tdf
    Info (12023): Found entity 1: lpm_divide_3dm File: C:/Users/Long Nguyen/Documents/RIT/RIT_Fall_22/DCS/Lab_2/db/lpm_divide_3dm.tdf Line: 24
Info (12021): Found 1 design units, including 1 entities, in source file db/sign_div_unsign_9nh.tdf
    Info (12023): Found entity 1: sign_div_unsign_9nh File: C:/Users/Long Nguyen/Documents/RIT/RIT_Fall_22/DCS/Lab_2/db/sign_div_unsign_9nh.tdf Line: 24
Info (12021): Found 1 design units, including 1 entities, in source file db/alt_u_div_o2f.tdf
    Info (12023): Found entity 1: alt_u_div_o2f File: C:/Users/Long Nguyen/Documents/RIT/RIT_Fall_22/DCS/Lab_2/db/alt_u_div_o2f.tdf Line: 22
Warning (12241): 1 hierarchies have connectivity warnings - see the Connectivity Checks report folder
Warning (13024): Output pins are stuck at VCC or GND
    Warning (13410): Pin "ICis[7]" is stuck at GND File: C:/Users/Long Nguyen/Documents/RIT/RIT_Fall_22/DCS/Lab_2/lhnRISC621_v.v Line: 21
    Warning (13410): Pin "ICis[15]" is stuck at GND File: C:/Users/Long Nguyen/Documents/RIT/RIT_Fall_22/DCS/Lab_2/lhnRISC621_v.v Line: 21
    Warning (13410): Pin "ICis[23]" is stuck at GND File: C:/Users/Long Nguyen/Documents/RIT/RIT_Fall_22/DCS/Lab_2/lhnRISC621_v.v Line: 21
    Warning (13410): Pin "ICis[31]" is stuck at GND File: C:/Users/Long Nguyen/Documents/RIT/RIT_Fall_22/DCS/Lab_2/lhnRISC621_v.v Line: 21
    Warning (13410): Pin "ICis[33]" is stuck at GND File: C:/Users/Long Nguyen/Documents/RIT/RIT_Fall_22/DCS/Lab_2/lhnRISC621_v.v Line: 21
    Warning (13410): Pin "ICis[36]" is stuck at GND File: C:/Users/Long Nguyen/Documents/RIT/RIT_Fall_22/DCS/Lab_2/lhnRISC621_v.v Line: 21
    Warning (13410): Pin "ICis[39]" is stuck at GND File: C:/Users/Long Nguyen/Documents/RIT/RIT_Fall_22/DCS/Lab_2/lhnRISC621_v.v Line: 21
    Warning (13410): Pin "ICis[47]" is stuck at GND File: C:/Users/Long Nguyen/Documents/RIT/RIT_Fall_22/DCS/Lab_2/lhnRISC621_v.v Line: 21
    Warning (13410): Pin "ICis[55]" is stuck at GND File: C:/Users/Long Nguyen/Documents/RIT/RIT_Fall_22/DCS/Lab_2/lhnRISC621_v.v Line: 21
    Warning (13410): Pin "ICis[62]" is stuck at GND File: C:/Users/Long Nguyen/Documents/RIT/RIT_Fall_22/DCS/Lab_2/lhnRISC621_v.v Line: 21
    Warning (13410): Pin "ICis[63]" is stuck at GND File: C:/Users/Long Nguyen/Documents/RIT/RIT_Fall_22/DCS/Lab_2/lhnRISC621_v.v Line: 21
    Warning (13410): Pin "ICis[67]" is stuck at GND File: C:/Users/Long Nguyen/Documents/RIT/RIT_Fall_22/DCS/Lab_2/lhnRISC621_v.v Line: 21
    Warning (13410): Pin "ICis[71]" is stuck at GND File: C:/Users/Long Nguyen/Documents/RIT/RIT_Fall_22/DCS/Lab_2/lhnRISC621_v.v Line: 21
    Warning (13410): Pin "ICis[79]" is stuck at GND File: C:/Users/Long Nguyen/Documents/RIT/RIT_Fall_22/DCS/Lab_2/lhnRISC621_v.v Line: 21
    Warning (13410): Pin "ICis[85]" is stuck at GND File: C:/Users/Long Nguyen/Documents/RIT/RIT_Fall_22/DCS/Lab_2/lhnRISC621_v.v Line: 21
    Warning (13410): Pin "ICis[87]" is stuck at GND File: C:/Users/Long Nguyen/Documents/RIT/RIT_Fall_22/DCS/Lab_2/lhnRISC621_v.v Line: 21
    Warning (13410): Pin "ICis[93]" is stuck at GND File: C:/Users/Long Nguyen/Documents/RIT/RIT_Fall_22/DCS/Lab_2/lhnRISC621_v.v Line: 21
    Warning (13410): Pin "ICis[95]" is stuck at GND File: C:/Users/Long Nguyen/Documents/RIT/RIT_Fall_22/DCS/Lab_2/lhnRISC621_v.v Line: 21
Info (286030): Timing-Driven Synthesis is running
Info (17049): 6 registers lost all their fanouts during netlist optimizations.
Info (16010): Generating hard_block partition "hard_block:auto_generated_inst"
    Info (16011): Adding 0 node(s), including 0 DDIO, 0 PLL, 0 transceiver and 0 LCELL
Info (21057): Implemented 1389 device resources after synthesis - the final resource count might be different
    Info (21058): Implemented 7 input pins
    Info (21059): Implemented 104 output pins
    Info (21061): Implemented 1263 logic cells
    Info (21064): Implemented 14 RAM segments
    Info (21062): Implemented 1 DSP elements
Info: Quartus Prime Analysis & Synthesis was successful. 0 errors, 26 warnings
    Info: Peak virtual memory: 4869 megabytes
    Info: Processing ended: Sat Sep 17 10:59:18 2022
    Info: Elapsed time: 00:00:20
    Info: Total CPU time (on all processors): 00:00:32


