Analysis & Synthesis report for lhn_CAM_v
Fri Oct 28 10:14:41 2022
Quartus Prime Version 18.1.0 Build 625 09/12/2018 SJ Lite Edition


---------------------
; Table of Contents ;
---------------------
  1. Legal Notice
  2. Analysis & Synthesis Summary
  3. Analysis & Synthesis Settings
  4. Parallel Compilation
  5. Analysis & Synthesis Source Files Read
  6. Analysis & Synthesis Resource Usage Summary
  7. Analysis & Synthesis Resource Utilization by Entity
  8. User-Specified and Inferred Latches
  9. General Register Statistics
 10. Multiplexer Restructuring Statistics (Restructuring Performed)
 11. Post-Synthesis Netlist Statistics for Top Partition
 12. Elapsed Time Per Partition
 13. Analysis & Synthesis Messages



----------------
; Legal Notice ;
----------------
Copyright (C) 2018  Intel Corporation. All rights reserved.
Your use of Intel Corporation's design tools, logic functions 
and other software and tools, and its AMPP partner logic 
functions, and any output files from any of the foregoing 
(including device programming or simulation files), and any 
associated documentation or information are expressly subject 
to the terms and conditions of the Intel Program License 
Subscription Agreement, the Intel Quartus Prime License Agreement,
the Intel FPGA IP License Agreement, or other applicable license
agreement, including, without limitation, that your use is for
the sole purpose of programming logic devices manufactured by
Intel and sold by Intel or its authorized distributors.  Please
refer to the applicable agreement for further details.



+----------------------------------------------------------------------------------+
; Analysis & Synthesis Summary                                                     ;
+------------------------------------+---------------------------------------------+
; Analysis & Synthesis Status        ; Successful - Fri Oct 28 10:14:41 2022       ;
; Quartus Prime Version              ; 18.1.0 Build 625 09/12/2018 SJ Lite Edition ;
; Revision Name                      ; lhn_CAM_v                                   ;
; Top-level Entity Name              ; lhn_CAM_v                                   ;
; Family                             ; Cyclone IV E                                ;
; Total logic elements               ; 265                                         ;
;     Total combinational functions  ; 265                                         ;
;     Dedicated logic registers      ; 0                                           ;
; Total registers                    ; 0                                           ;
; Total pins                         ; 49                                          ;
; Total virtual pins                 ; 0                                           ;
; Total memory bits                  ; 0                                           ;
; Embedded Multiplier 9-bit elements ; 0                                           ;
; Total PLLs                         ; 0                                           ;
+------------------------------------+---------------------------------------------+


+------------------------------------------------------------------------------------------------------------+
; Analysis & Synthesis Settings                                                                              ;
+------------------------------------------------------------------+--------------------+--------------------+
; Option                                                           ; Setting            ; Default Value      ;
+------------------------------------------------------------------+--------------------+--------------------+
; Device                                                           ; EP4CE22F17C6       ;                    ;
; Top-level entity name                                            ; lhn_CAM_v          ; lhn_CAM_v          ;
; Family name                                                      ; Cyclone IV E       ; Cyclone V          ;
; Use smart compilation                                            ; Off                ; Off                ;
; Enable parallel Assembler and Timing Analyzer during compilation ; On                 ; On                 ;
; Enable compact report table                                      ; Off                ; Off                ;
; Restructure Multiplexers                                         ; Auto               ; Auto               ;
; Create Debugging Nodes for IP Cores                              ; Off                ; Off                ;
; Preserve fewer node names                                        ; On                 ; On                 ;
; Intel FPGA IP Evaluation Mode                                    ; Enable             ; Enable             ;
; Verilog Version                                                  ; Verilog_2001       ; Verilog_2001       ;
; VHDL Version                                                     ; VHDL_1993          ; VHDL_1993          ;
; State Machine Processing                                         ; Auto               ; Auto               ;
; Safe State Machine                                               ; Off                ; Off                ;
; Extract Verilog State Machines                                   ; On                 ; On                 ;
; Extract VHDL State Machines                                      ; On                 ; On                 ;
; Ignore Verilog initial constructs                                ; Off                ; Off                ;
; Iteration limit for constant Verilog loops                       ; 5000               ; 5000               ;
; Iteration limit for non-constant Verilog loops                   ; 250                ; 250                ;
; Add Pass-Through Logic to Inferred RAMs                          ; On                 ; On                 ;
; Infer RAMs from Raw Logic                                        ; On                 ; On                 ;
; Parallel Synthesis                                               ; On                 ; On                 ;
; DSP Block Balancing                                              ; Auto               ; Auto               ;
; NOT Gate Push-Back                                               ; On                 ; On                 ;
; Power-Up Don't Care                                              ; On                 ; On                 ;
; Remove Redundant Logic Cells                                     ; Off                ; Off                ;
; Remove Duplicate Registers                                       ; On                 ; On                 ;
; Ignore CARRY Buffers                                             ; Off                ; Off                ;
; Ignore CASCADE Buffers                                           ; Off                ; Off                ;
; Ignore GLOBAL Buffers                                            ; Off                ; Off                ;
; Ignore ROW GLOBAL Buffers                                        ; Off                ; Off                ;
; Ignore LCELL Buffers                                             ; Off                ; Off                ;
; Ignore SOFT Buffers                                              ; On                 ; On                 ;
; Limit AHDL Integers to 32 Bits                                   ; Off                ; Off                ;
; Optimization Technique                                           ; Balanced           ; Balanced           ;
; Carry Chain Length                                               ; 70                 ; 70                 ;
; Auto Carry Chains                                                ; On                 ; On                 ;
; Auto Open-Drain Pins                                             ; On                 ; On                 ;
; Perform WYSIWYG Primitive Resynthesis                            ; Off                ; Off                ;
; Auto ROM Replacement                                             ; On                 ; On                 ;
; Auto RAM Replacement                                             ; On                 ; On                 ;
; Auto DSP Block Replacement                                       ; On                 ; On                 ;
; Auto Shift Register Replacement                                  ; Auto               ; Auto               ;
; Allow Shift Register Merging across Hierarchies                  ; Auto               ; Auto               ;
; Auto Clock Enable Replacement                                    ; On                 ; On                 ;
; Strict RAM Replacement                                           ; Off                ; Off                ;
; Allow Synchronous Control Signals                                ; On                 ; On                 ;
; Force Use of Synchronous Clear Signals                           ; Off                ; Off                ;
; Auto RAM Block Balancing                                         ; On                 ; On                 ;
; Auto RAM to Logic Cell Conversion                                ; Off                ; Off                ;
; Auto Resource Sharing                                            ; Off                ; Off                ;
; Allow Any RAM Size For Recognition                               ; Off                ; Off                ;
; Allow Any ROM Size For Recognition                               ; Off                ; Off                ;
; Allow Any Shift Register Size For Recognition                    ; Off                ; Off                ;
; Use LogicLock Constraints during Resource Balancing              ; On                 ; On                 ;
; Ignore translate_off and synthesis_off directives                ; Off                ; Off                ;
; Timing-Driven Synthesis                                          ; On                 ; On                 ;
; Report Parameter Settings                                        ; On                 ; On                 ;
; Report Source Assignments                                        ; On                 ; On                 ;
; Report Connectivity Checks                                       ; On                 ; On                 ;
; Ignore Maximum Fan-Out Assignments                               ; Off                ; Off                ;
; Synchronization Register Chain Length                            ; 2                  ; 2                  ;
; Power Optimization During Synthesis                              ; Normal compilation ; Normal compilation ;
; HDL message level                                                ; Level2             ; Level2             ;
; Suppress Register Optimization Related Messages                  ; Off                ; Off                ;
; Number of Removed Registers Reported in Synthesis Report         ; 5000               ; 5000               ;
; Number of Swept Nodes Reported in Synthesis Report               ; 5000               ; 5000               ;
; Number of Inverted Registers Reported in Synthesis Report        ; 100                ; 100                ;
; Clock MUX Protection                                             ; On                 ; On                 ;
; Auto Gated Clock Conversion                                      ; Off                ; Off                ;
; Block Design Naming                                              ; Auto               ; Auto               ;
; SDC constraint protection                                        ; Off                ; Off                ;
; Synthesis Effort                                                 ; Auto               ; Auto               ;
; Shift Register Replacement - Allow Asynchronous Clear Signal     ; On                 ; On                 ;
; Pre-Mapping Resynthesis Optimization                             ; Off                ; Off                ;
; Analysis & Synthesis Message Level                               ; Medium             ; Medium             ;
; Disable Register Merging Across Hierarchies                      ; Auto               ; Auto               ;
; Resource Aware Inference For Block RAM                           ; On                 ; On                 ;
+------------------------------------------------------------------+--------------------+--------------------+


+------------------------------------------+
; Parallel Compilation                     ;
+----------------------------+-------------+
; Processors                 ; Number      ;
+----------------------------+-------------+
; Number detected on machine ; 12          ;
; Maximum allowed            ; 12          ;
;                            ;             ;
; Average used               ; 1.00        ;
; Maximum used               ; 1           ;
;                            ;             ;
; Usage by Processor         ; % Time Used ;
;     Processor 1            ; 100.0%      ;
+----------------------------+-------------+


+-----------------------------------------------------------------------------------------------------------------------------------------------------------+
; Analysis & Synthesis Source Files Read                                                                                                                    ;
+----------------------------------+-----------------+------------------------+-------------------------------------------------------------------+---------+
; File Name with User-Entered Path ; Used in Netlist ; File Type              ; File Name with Absolute Path                                      ; Library ;
+----------------------------------+-----------------+------------------------+-------------------------------------------------------------------+---------+
; lhn_CAM_v.v                      ; yes             ; User Verilog HDL File  ; E:/RIT/Fall_22/EE-621-Design-of-Computer-System/Lab_8/lhn_CAM_v.v ;         ;
+----------------------------------+-----------------+------------------------+-------------------------------------------------------------------+---------+


+--------------------------------------------------------------+
; Analysis & Synthesis Resource Usage Summary                  ;
+---------------------------------------------+----------------+
; Resource                                    ; Usage          ;
+---------------------------------------------+----------------+
; Estimated Total logic elements              ; 265            ;
;                                             ;                ;
; Total combinational functions               ; 265            ;
; Logic element usage by number of LUT inputs ;                ;
;     -- 4 input functions                    ; 102            ;
;     -- 3 input functions                    ; 149            ;
;     -- <=2 input functions                  ; 14             ;
;                                             ;                ;
; Logic elements by mode                      ;                ;
;     -- normal mode                          ; 265            ;
;     -- arithmetic mode                      ; 0              ;
;                                             ;                ;
; Total registers                             ; 0              ;
;     -- Dedicated logic registers            ; 0              ;
;     -- I/O registers                        ; 0              ;
;                                             ;                ;
; I/O pins                                    ; 49             ;
;                                             ;                ;
; Embedded Multiplier 9-bit elements          ; 0              ;
;                                             ;                ;
; Maximum fan-out node                        ; addrs[3]~input ;
; Maximum fan-out                             ; 46             ;
; Total fan-out                               ; 941            ;
; Average fan-out                             ; 2.59           ;
+---------------------------------------------+----------------+


+----------------------------------------------------------------------------------------------------------------------------------------------------------------------------------------------------------+
; Analysis & Synthesis Resource Utilization by Entity                                                                                                                                                      ;
+----------------------------+---------------------+---------------------------+-------------+--------------+---------+-----------+------+--------------+---------------------+-------------+--------------+
; Compilation Hierarchy Node ; Combinational ALUTs ; Dedicated Logic Registers ; Memory Bits ; DSP Elements ; DSP 9x9 ; DSP 18x18 ; Pins ; Virtual Pins ; Full Hierarchy Name ; Entity Name ; Library Name ;
+----------------------------+---------------------+---------------------------+-------------+--------------+---------+-----------+------+--------------+---------------------+-------------+--------------+
; |lhn_CAM_v                 ; 265 (265)           ; 0 (0)                     ; 0           ; 0            ; 0       ; 0         ; 49   ; 0            ; |lhn_CAM_v          ; lhn_CAM_v   ; work         ;
+----------------------------+---------------------+---------------------------+-------------+--------------+---------+-----------+------+--------------+---------------------+-------------+--------------+
Note: For table entries with two numbers listed, the numbers in parentheses indicate the number of resources of the given type used by the specific entity alone. The numbers listed outside of parentheses indicate the total resources of the given type used by the specific entity and all of its sub-entities in the hierarchy.


+-----------------------------------------------------------------------------------------------------+
; User-Specified and Inferred Latches                                                                 ;
+------------------------------------------------------+---------------------+------------------------+
; Latch Name                                           ; Latch Enable Signal ; Free of Timing Hazards ;
+------------------------------------------------------+---------------------+------------------------+
; cam_mem[5][0][0]                                     ; cam_mem[5][0][0]    ; yes                    ;
; cam_mem[6][0][0]                                     ; cam_mem[6][0][0]    ; yes                    ;
; cam_mem[4][0][0]                                     ; cam_mem[4][0][0]    ; yes                    ;
; cam_mem[7][0][0]                                     ; cam_mem[7][0][0]    ; yes                    ;
; cam_mem[2][1][0]                                     ; cam_mem[2][1][8]    ; yes                    ;
; cam_mem[1][1][0]                                     ; cam_mem[1][1][8]    ; yes                    ;
; cam_mem[0][1][0]                                     ; cam_mem[0][1][8]    ; yes                    ;
; cam_mem[3][1][0]                                     ; cam_mem[3][1][0]    ; yes                    ;
; cam_mem[2][0][0]                                     ; cam_mem[2][0][8]    ; yes                    ;
; cam_mem[1][0][0]                                     ; cam_mem[1][0][8]    ; yes                    ;
; cam_mem[0][0][0]                                     ; cam_mem[0][0][8]    ; yes                    ;
; cam_mem[3][0][0]                                     ; cam_mem[3][0][8]    ; yes                    ;
; cam_mem[5][1][0]                                     ; cam_mem[5][1][0]    ; yes                    ;
; cam_mem[6][1][0]                                     ; cam_mem[6][1][0]    ; yes                    ;
; cam_mem[4][1][0]                                     ; cam_mem[4][1][0]    ; yes                    ;
; cam_mem[7][1][0]                                     ; cam_mem[7][1][0]    ; yes                    ;
; cam_mem[4][1][1]                                     ; cam_mem[4][1][0]    ; yes                    ;
; cam_mem[2][1][1]                                     ; cam_mem[2][1][8]    ; yes                    ;
; cam_mem[0][1][1]                                     ; cam_mem[0][1][8]    ; yes                    ;
; cam_mem[6][1][1]                                     ; cam_mem[6][1][0]    ; yes                    ;
; cam_mem[5][0][1]                                     ; cam_mem[5][0][0]    ; yes                    ;
; cam_mem[3][0][1]                                     ; cam_mem[3][0][8]    ; yes                    ;
; cam_mem[1][0][1]                                     ; cam_mem[1][0][8]    ; yes                    ;
; cam_mem[7][0][1]                                     ; cam_mem[7][0][0]    ; yes                    ;
; cam_mem[4][0][1]                                     ; cam_mem[4][0][0]    ; yes                    ;
; cam_mem[2][0][1]                                     ; cam_mem[2][0][8]    ; yes                    ;
; cam_mem[0][0][1]                                     ; cam_mem[0][0][8]    ; yes                    ;
; cam_mem[6][0][1]                                     ; cam_mem[6][0][0]    ; yes                    ;
; cam_mem[5][1][1]                                     ; cam_mem[5][1][0]    ; yes                    ;
; cam_mem[3][1][1]                                     ; cam_mem[3][1][0]    ; yes                    ;
; cam_mem[1][1][1]                                     ; cam_mem[1][1][8]    ; yes                    ;
; cam_mem[7][1][1]                                     ; cam_mem[7][1][0]    ; yes                    ;
; cam_mem[1][1][2]                                     ; cam_mem[1][1][8]    ; yes                    ;
; cam_mem[4][1][2]                                     ; cam_mem[4][1][0]    ; yes                    ;
; cam_mem[0][1][2]                                     ; cam_mem[0][1][8]    ; yes                    ;
; cam_mem[5][1][2]                                     ; cam_mem[5][1][0]    ; yes                    ;
; cam_mem[3][0][2]                                     ; cam_mem[3][0][8]    ; yes                    ;
; cam_mem[6][0][2]                                     ; cam_mem[6][0][0]    ; yes                    ;
; cam_mem[2][0][2]                                     ; cam_mem[2][0][8]    ; yes                    ;
; cam_mem[7][0][2]                                     ; cam_mem[7][0][0]    ; yes                    ;
; cam_mem[1][0][2]                                     ; cam_mem[1][0][8]    ; yes                    ;
; cam_mem[4][0][2]                                     ; cam_mem[4][0][0]    ; yes                    ;
; cam_mem[0][0][2]                                     ; cam_mem[0][0][8]    ; yes                    ;
; cam_mem[5][0][2]                                     ; cam_mem[5][0][0]    ; yes                    ;
; cam_mem[6][1][2]                                     ; cam_mem[6][1][0]    ; yes                    ;
; cam_mem[3][1][2]                                     ; cam_mem[3][1][0]    ; yes                    ;
; cam_mem[2][1][2]                                     ; cam_mem[2][1][8]    ; yes                    ;
; cam_mem[7][1][2]                                     ; cam_mem[7][1][0]    ; yes                    ;
; cam_mem[2][1][3]                                     ; cam_mem[2][1][8]    ; yes                    ;
; cam_mem[1][1][3]                                     ; cam_mem[1][1][8]    ; yes                    ;
; cam_mem[0][1][3]                                     ; cam_mem[0][1][8]    ; yes                    ;
; cam_mem[3][1][3]                                     ; cam_mem[3][1][0]    ; yes                    ;
; cam_mem[6][0][3]                                     ; cam_mem[6][0][0]    ; yes                    ;
; cam_mem[5][0][3]                                     ; cam_mem[5][0][0]    ; yes                    ;
; cam_mem[4][0][3]                                     ; cam_mem[4][0][0]    ; yes                    ;
; cam_mem[7][0][3]                                     ; cam_mem[7][0][0]    ; yes                    ;
; cam_mem[2][0][3]                                     ; cam_mem[2][0][8]    ; yes                    ;
; cam_mem[1][0][3]                                     ; cam_mem[1][0][8]    ; yes                    ;
; cam_mem[0][0][3]                                     ; cam_mem[0][0][8]    ; yes                    ;
; cam_mem[3][0][3]                                     ; cam_mem[3][0][8]    ; yes                    ;
; cam_mem[6][1][3]                                     ; cam_mem[6][1][0]    ; yes                    ;
; cam_mem[5][1][3]                                     ; cam_mem[5][1][0]    ; yes                    ;
; cam_mem[4][1][3]                                     ; cam_mem[4][1][0]    ; yes                    ;
; cam_mem[7][1][3]                                     ; cam_mem[7][1][0]    ; yes                    ;
; cam_mem[1][1][4]                                     ; cam_mem[1][1][8]    ; yes                    ;
; cam_mem[5][0][4]                                     ; cam_mem[5][0][0]    ; yes                    ;
; cam_mem[1][0][4]                                     ; cam_mem[1][0][8]    ; yes                    ;
; cam_mem[5][1][4]                                     ; cam_mem[5][1][0]    ; yes                    ;
; cam_mem[2][1][4]                                     ; cam_mem[2][1][8]    ; yes                    ;
; cam_mem[6][0][4]                                     ; cam_mem[6][0][0]    ; yes                    ;
; cam_mem[2][0][4]                                     ; cam_mem[2][0][8]    ; yes                    ;
; cam_mem[6][1][4]                                     ; cam_mem[6][1][0]    ; yes                    ;
; cam_mem[0][1][4]                                     ; cam_mem[0][1][8]    ; yes                    ;
; cam_mem[4][0][4]                                     ; cam_mem[4][0][0]    ; yes                    ;
; cam_mem[0][0][4]                                     ; cam_mem[0][0][8]    ; yes                    ;
; cam_mem[4][1][4]                                     ; cam_mem[4][1][0]    ; yes                    ;
; cam_mem[3][1][4]                                     ; cam_mem[3][1][0]    ; yes                    ;
; cam_mem[7][0][4]                                     ; cam_mem[7][0][0]    ; yes                    ;
; cam_mem[3][0][4]                                     ; cam_mem[3][0][8]    ; yes                    ;
; cam_mem[7][1][4]                                     ; cam_mem[7][1][0]    ; yes                    ;
; cam_mem[2][1][5]                                     ; cam_mem[2][1][8]    ; yes                    ;
; cam_mem[1][1][5]                                     ; cam_mem[1][1][8]    ; yes                    ;
; cam_mem[0][1][5]                                     ; cam_mem[0][1][8]    ; yes                    ;
; cam_mem[3][1][5]                                     ; cam_mem[3][1][0]    ; yes                    ;
; cam_mem[5][0][5]                                     ; cam_mem[5][0][0]    ; yes                    ;
; cam_mem[6][0][5]                                     ; cam_mem[6][0][0]    ; yes                    ;
; cam_mem[4][0][5]                                     ; cam_mem[4][0][0]    ; yes                    ;
; cam_mem[7][0][5]                                     ; cam_mem[7][0][0]    ; yes                    ;
; cam_mem[2][0][5]                                     ; cam_mem[2][0][8]    ; yes                    ;
; cam_mem[1][0][5]                                     ; cam_mem[1][0][8]    ; yes                    ;
; cam_mem[0][0][5]                                     ; cam_mem[0][0][8]    ; yes                    ;
; cam_mem[3][0][5]                                     ; cam_mem[3][0][8]    ; yes                    ;
; cam_mem[5][1][5]                                     ; cam_mem[5][1][0]    ; yes                    ;
; cam_mem[6][1][5]                                     ; cam_mem[6][1][0]    ; yes                    ;
; cam_mem[4][1][5]                                     ; cam_mem[4][1][0]    ; yes                    ;
; cam_mem[7][1][5]                                     ; cam_mem[7][1][0]    ; yes                    ;
; cam_mem[1][1][6]                                     ; cam_mem[1][1][8]    ; yes                    ;
; cam_mem[5][0][6]                                     ; cam_mem[5][0][0]    ; yes                    ;
; cam_mem[1][0][6]                                     ; cam_mem[1][0][8]    ; yes                    ;
; cam_mem[5][1][6]                                     ; cam_mem[5][1][0]    ; yes                    ;
; Number of user-specified and inferred latches = 144  ;                     ;                        ;
+------------------------------------------------------+---------------------+------------------------+
Table restricted to first 100 entries. Note: All latches listed above may not be present at the end of synthesis due to various synthesis optimizations.


+------------------------------------------------------+
; General Register Statistics                          ;
+----------------------------------------------+-------+
; Statistic                                    ; Value ;
+----------------------------------------------+-------+
; Total registers                              ; 0     ;
; Number of registers using Synchronous Clear  ; 0     ;
; Number of registers using Synchronous Load   ; 0     ;
; Number of registers using Asynchronous Clear ; 0     ;
; Number of registers using Asynchronous Load  ; 0     ;
; Number of registers using Clock Enable       ; 0     ;
; Number of registers using Preset             ; 0     ;
+----------------------------------------------+-------+


+------------------------------------------------------------------------------------------------------------------------------------------+
; Multiplexer Restructuring Statistics (Restructuring Performed)                                                                           ;
+--------------------+-----------+---------------+----------------------+------------------------+------------+----------------------------+
; Multiplexer Inputs ; Bus Width ; Baseline Area ; Area if Restructured ; Saving if Restructured ; Registered ; Example Multiplexer Output ;
+--------------------+-----------+---------------+----------------------+------------------------+------------+----------------------------+
; 17:1               ; 9 bits    ; 99 LEs        ; 99 LEs               ; 0 LEs                  ; No         ; |lhn_CAM_v|dout            ;
+--------------------+-----------+---------------+----------------------+------------------------+------------+----------------------------+


+-----------------------------------------------------+
; Post-Synthesis Netlist Statistics for Top Partition ;
+-----------------------+-----------------------------+
; Type                  ; Count                       ;
+-----------------------+-----------------------------+
; boundary_port         ; 49                          ;
; cycloneiii_lcell_comb ; 267                         ;
;     normal            ; 267                         ;
;         0 data inputs ; 2                           ;
;         2 data inputs ; 14                          ;
;         3 data inputs ; 149                         ;
;         4 data inputs ; 102                         ;
;                       ;                             ;
; Max LUT depth         ; 5.00                        ;
; Average LUT depth     ; 3.68                        ;
+-----------------------+-----------------------------+


+-------------------------------+
; Elapsed Time Per Partition    ;
+----------------+--------------+
; Partition Name ; Elapsed Time ;
+----------------+--------------+
; Top            ; 00:00:00     ;
+----------------+--------------+


+-------------------------------+
; Analysis & Synthesis Messages ;
+-------------------------------+
Info: *******************************************************************
Info: Running Quartus Prime Analysis & Synthesis
    Info: Version 18.1.0 Build 625 09/12/2018 SJ Lite Edition
    Info: Processing started: Fri Oct 28 10:14:34 2022
Info: Command: quartus_map --read_settings_files=on --write_settings_files=off lhn_CAM_v -c lhn_CAM_v
Warning (18236): Number of processors has not been specified which may cause overloading on shared machines.  Set the global assignment NUM_PARALLEL_PROCESSORS in your QSF to an appropriate value for best performance.
Info (20030): Parallel compilation is enabled and will use 12 of the 12 processors detected
Info (12021): Found 1 design units, including 1 entities, in source file lhn_cam_v.v
    Info (12023): Found entity 1: lhn_CAM_v File: E:/RIT/Fall_22/EE-621-Design-of-Computer-System/Lab_8/lhn_CAM_v.v Line: 1
Info (12021): Found 1 design units, including 1 entities, in source file lhn_cam_v_tb.v
    Info (12023): Found entity 1: lhn_CAM_v_tb File: E:/RIT/Fall_22/EE-621-Design-of-Computer-System/Lab_8/lhn_CAM_v_tb.v Line: 1
Info (12127): Elaborating entity "lhn_CAM_v" for the top level hierarchy
Warning (10240): Verilog HDL Always Construct warning at lhn_CAM_v.v(59): inferring latch(es) for variable "mbits", which holds its previous value in one or more paths through the always construct File: E:/RIT/Fall_22/EE-621-Design-of-Computer-System/Lab_8/lhn_CAM_v.v Line: 59
Warning (10034): Output port "mbits[15..9]" at lhn_CAM_v.v(15) has no driver File: E:/RIT/Fall_22/EE-621-Design-of-Computer-System/Lab_8/lhn_CAM_v.v Line: 15
Info (10041): Inferred latch for "mbits[8]" at lhn_CAM_v.v(65) File: E:/RIT/Fall_22/EE-621-Design-of-Computer-System/Lab_8/lhn_CAM_v.v Line: 65
Info (10041): Inferred latch for "mbits[7]" at lhn_CAM_v.v(65) File: E:/RIT/Fall_22/EE-621-Design-of-Computer-System/Lab_8/lhn_CAM_v.v Line: 65
Info (10041): Inferred latch for "mbits[6]" at lhn_CAM_v.v(65) File: E:/RIT/Fall_22/EE-621-Design-of-Computer-System/Lab_8/lhn_CAM_v.v Line: 65
Info (10041): Inferred latch for "mbits[5]" at lhn_CAM_v.v(65) File: E:/RIT/Fall_22/EE-621-Design-of-Computer-System/Lab_8/lhn_CAM_v.v Line: 65
Info (10041): Inferred latch for "mbits[4]" at lhn_CAM_v.v(65) File: E:/RIT/Fall_22/EE-621-Design-of-Computer-System/Lab_8/lhn_CAM_v.v Line: 65
Info (10041): Inferred latch for "mbits[3]" at lhn_CAM_v.v(65) File: E:/RIT/Fall_22/EE-621-Design-of-Computer-System/Lab_8/lhn_CAM_v.v Line: 65
Info (10041): Inferred latch for "mbits[2]" at lhn_CAM_v.v(65) File: E:/RIT/Fall_22/EE-621-Design-of-Computer-System/Lab_8/lhn_CAM_v.v Line: 65
Info (10041): Inferred latch for "mbits[1]" at lhn_CAM_v.v(65) File: E:/RIT/Fall_22/EE-621-Design-of-Computer-System/Lab_8/lhn_CAM_v.v Line: 65
Info (10041): Inferred latch for "mbits[0]" at lhn_CAM_v.v(65) File: E:/RIT/Fall_22/EE-621-Design-of-Computer-System/Lab_8/lhn_CAM_v.v Line: 65
Info (10041): Inferred latch for "cam_mem[0][0][0]" at lhn_CAM_v.v(34) File: E:/RIT/Fall_22/EE-621-Design-of-Computer-System/Lab_8/lhn_CAM_v.v Line: 34
Info (10041): Inferred latch for "cam_mem[0][0][1]" at lhn_CAM_v.v(34) File: E:/RIT/Fall_22/EE-621-Design-of-Computer-System/Lab_8/lhn_CAM_v.v Line: 34
Info (10041): Inferred latch for "cam_mem[0][0][2]" at lhn_CAM_v.v(34) File: E:/RIT/Fall_22/EE-621-Design-of-Computer-System/Lab_8/lhn_CAM_v.v Line: 34
Info (10041): Inferred latch for "cam_mem[0][0][3]" at lhn_CAM_v.v(34) File: E:/RIT/Fall_22/EE-621-Design-of-Computer-System/Lab_8/lhn_CAM_v.v Line: 34
Info (10041): Inferred latch for "cam_mem[0][0][4]" at lhn_CAM_v.v(34) File: E:/RIT/Fall_22/EE-621-Design-of-Computer-System/Lab_8/lhn_CAM_v.v Line: 34
Info (10041): Inferred latch for "cam_mem[0][0][5]" at lhn_CAM_v.v(34) File: E:/RIT/Fall_22/EE-621-Design-of-Computer-System/Lab_8/lhn_CAM_v.v Line: 34
Info (10041): Inferred latch for "cam_mem[0][0][6]" at lhn_CAM_v.v(34) File: E:/RIT/Fall_22/EE-621-Design-of-Computer-System/Lab_8/lhn_CAM_v.v Line: 34
Info (10041): Inferred latch for "cam_mem[0][0][7]" at lhn_CAM_v.v(34) File: E:/RIT/Fall_22/EE-621-Design-of-Computer-System/Lab_8/lhn_CAM_v.v Line: 34
Info (10041): Inferred latch for "cam_mem[0][0][8]" at lhn_CAM_v.v(34) File: E:/RIT/Fall_22/EE-621-Design-of-Computer-System/Lab_8/lhn_CAM_v.v Line: 34
Info (10041): Inferred latch for "cam_mem[0][1][0]" at lhn_CAM_v.v(34) File: E:/RIT/Fall_22/EE-621-Design-of-Computer-System/Lab_8/lhn_CAM_v.v Line: 34
Info (10041): Inferred latch for "cam_mem[0][1][1]" at lhn_CAM_v.v(34) File: E:/RIT/Fall_22/EE-621-Design-of-Computer-System/Lab_8/lhn_CAM_v.v Line: 34
Info (10041): Inferred latch for "cam_mem[0][1][2]" at lhn_CAM_v.v(34) File: E:/RIT/Fall_22/EE-621-Design-of-Computer-System/Lab_8/lhn_CAM_v.v Line: 34
Info (10041): Inferred latch for "cam_mem[0][1][3]" at lhn_CAM_v.v(34) File: E:/RIT/Fall_22/EE-621-Design-of-Computer-System/Lab_8/lhn_CAM_v.v Line: 34
Info (10041): Inferred latch for "cam_mem[0][1][4]" at lhn_CAM_v.v(34) File: E:/RIT/Fall_22/EE-621-Design-of-Computer-System/Lab_8/lhn_CAM_v.v Line: 34
Info (10041): Inferred latch for "cam_mem[0][1][5]" at lhn_CAM_v.v(34) File: E:/RIT/Fall_22/EE-621-Design-of-Computer-System/Lab_8/lhn_CAM_v.v Line: 34
Info (10041): Inferred latch for "cam_mem[0][1][6]" at lhn_CAM_v.v(34) File: E:/RIT/Fall_22/EE-621-Design-of-Computer-System/Lab_8/lhn_CAM_v.v Line: 34
Info (10041): Inferred latch for "cam_mem[0][1][7]" at lhn_CAM_v.v(34) File: E:/RIT/Fall_22/EE-621-Design-of-Computer-System/Lab_8/lhn_CAM_v.v Line: 34
Info (10041): Inferred latch for "cam_mem[0][1][8]" at lhn_CAM_v.v(34) File: E:/RIT/Fall_22/EE-621-Design-of-Computer-System/Lab_8/lhn_CAM_v.v Line: 34
Info (10041): Inferred latch for "cam_mem[1][0][0]" at lhn_CAM_v.v(34) File: E:/RIT/Fall_22/EE-621-Design-of-Computer-System/Lab_8/lhn_CAM_v.v Line: 34
Info (10041): Inferred latch for "cam_mem[1][0][1]" at lhn_CAM_v.v(34) File: E:/RIT/Fall_22/EE-621-Design-of-Computer-System/Lab_8/lhn_CAM_v.v Line: 34
Info (10041): Inferred latch for "cam_mem[1][0][2]" at lhn_CAM_v.v(34) File: E:/RIT/Fall_22/EE-621-Design-of-Computer-System/Lab_8/lhn_CAM_v.v Line: 34
Info (10041): Inferred latch for "cam_mem[1][0][3]" at lhn_CAM_v.v(34) File: E:/RIT/Fall_22/EE-621-Design-of-Computer-System/Lab_8/lhn_CAM_v.v Line: 34
Info (10041): Inferred latch for "cam_mem[1][0][4]" at lhn_CAM_v.v(34) File: E:/RIT/Fall_22/EE-621-Design-of-Computer-System/Lab_8/lhn_CAM_v.v Line: 34
Info (10041): Inferred latch for "cam_mem[1][0][5]" at lhn_CAM_v.v(34) File: E:/RIT/Fall_22/EE-621-Design-of-Computer-System/Lab_8/lhn_CAM_v.v Line: 34
Info (10041): Inferred latch for "cam_mem[1][0][6]" at lhn_CAM_v.v(34) File: E:/RIT/Fall_22/EE-621-Design-of-Computer-System/Lab_8/lhn_CAM_v.v Line: 34
Info (10041): Inferred latch for "cam_mem[1][0][7]" at lhn_CAM_v.v(34) File: E:/RIT/Fall_22/EE-621-Design-of-Computer-System/Lab_8/lhn_CAM_v.v Line: 34
Info (10041): Inferred latch for "cam_mem[1][0][8]" at lhn_CAM_v.v(34) File: E:/RIT/Fall_22/EE-621-Design-of-Computer-System/Lab_8/lhn_CAM_v.v Line: 34
Info (10041): Inferred latch for "cam_mem[1][1][0]" at lhn_CAM_v.v(34) File: E:/RIT/Fall_22/EE-621-Design-of-Computer-System/Lab_8/lhn_CAM_v.v Line: 34
Info (10041): Inferred latch for "cam_mem[1][1][1]" at lhn_CAM_v.v(34) File: E:/RIT/Fall_22/EE-621-Design-of-Computer-System/Lab_8/lhn_CAM_v.v Line: 34
Info (10041): Inferred latch for "cam_mem[1][1][2]" at lhn_CAM_v.v(34) File: E:/RIT/Fall_22/EE-621-Design-of-Computer-System/Lab_8/lhn_CAM_v.v Line: 34
Info (10041): Inferred latch for "cam_mem[1][1][3]" at lhn_CAM_v.v(34) File: E:/RIT/Fall_22/EE-621-Design-of-Computer-System/Lab_8/lhn_CAM_v.v Line: 34
Info (10041): Inferred latch for "cam_mem[1][1][4]" at lhn_CAM_v.v(34) File: E:/RIT/Fall_22/EE-621-Design-of-Computer-System/Lab_8/lhn_CAM_v.v Line: 34
Info (10041): Inferred latch for "cam_mem[1][1][5]" at lhn_CAM_v.v(34) File: E:/RIT/Fall_22/EE-621-Design-of-Computer-System/Lab_8/lhn_CAM_v.v Line: 34
Info (10041): Inferred latch for "cam_mem[1][1][6]" at lhn_CAM_v.v(34) File: E:/RIT/Fall_22/EE-621-Design-of-Computer-System/Lab_8/lhn_CAM_v.v Line: 34
Info (10041): Inferred latch for "cam_mem[1][1][7]" at lhn_CAM_v.v(34) File: E:/RIT/Fall_22/EE-621-Design-of-Computer-System/Lab_8/lhn_CAM_v.v Line: 34
Info (10041): Inferred latch for "cam_mem[1][1][8]" at lhn_CAM_v.v(34) File: E:/RIT/Fall_22/EE-621-Design-of-Computer-System/Lab_8/lhn_CAM_v.v Line: 34
Info (10041): Inferred latch for "cam_mem[2][0][0]" at lhn_CAM_v.v(34) File: E:/RIT/Fall_22/EE-621-Design-of-Computer-System/Lab_8/lhn_CAM_v.v Line: 34
Info (10041): Inferred latch for "cam_mem[2][0][1]" at lhn_CAM_v.v(34) File: E:/RIT/Fall_22/EE-621-Design-of-Computer-System/Lab_8/lhn_CAM_v.v Line: 34
Info (10041): Inferred latch for "cam_mem[2][0][2]" at lhn_CAM_v.v(34) File: E:/RIT/Fall_22/EE-621-Design-of-Computer-System/Lab_8/lhn_CAM_v.v Line: 34
Info (10041): Inferred latch for "cam_mem[2][0][3]" at lhn_CAM_v.v(34) File: E:/RIT/Fall_22/EE-621-Design-of-Computer-System/Lab_8/lhn_CAM_v.v Line: 34
Info (10041): Inferred latch for "cam_mem[2][0][4]" at lhn_CAM_v.v(34) File: E:/RIT/Fall_22/EE-621-Design-of-Computer-System/Lab_8/lhn_CAM_v.v Line: 34
Info (10041): Inferred latch for "cam_mem[2][0][5]" at lhn_CAM_v.v(34) File: E:/RIT/Fall_22/EE-621-Design-of-Computer-System/Lab_8/lhn_CAM_v.v Line: 34
Info (10041): Inferred latch for "cam_mem[2][0][6]" at lhn_CAM_v.v(34) File: E:/RIT/Fall_22/EE-621-Design-of-Computer-System/Lab_8/lhn_CAM_v.v Line: 34
Info (10041): Inferred latch for "cam_mem[2][0][7]" at lhn_CAM_v.v(34) File: E:/RIT/Fall_22/EE-621-Design-of-Computer-System/Lab_8/lhn_CAM_v.v Line: 34
Info (10041): Inferred latch for "cam_mem[2][0][8]" at lhn_CAM_v.v(34) File: E:/RIT/Fall_22/EE-621-Design-of-Computer-System/Lab_8/lhn_CAM_v.v Line: 34
Info (10041): Inferred latch for "cam_mem[2][1][0]" at lhn_CAM_v.v(34) File: E:/RIT/Fall_22/EE-621-Design-of-Computer-System/Lab_8/lhn_CAM_v.v Line: 34
Info (10041): Inferred latch for "cam_mem[2][1][1]" at lhn_CAM_v.v(34) File: E:/RIT/Fall_22/EE-621-Design-of-Computer-System/Lab_8/lhn_CAM_v.v Line: 34
Info (10041): Inferred latch for "cam_mem[2][1][2]" at lhn_CAM_v.v(34) File: E:/RIT/Fall_22/EE-621-Design-of-Computer-System/Lab_8/lhn_CAM_v.v Line: 34
Info (10041): Inferred latch for "cam_mem[2][1][3]" at lhn_CAM_v.v(34) File: E:/RIT/Fall_22/EE-621-Design-of-Computer-System/Lab_8/lhn_CAM_v.v Line: 34
Info (10041): Inferred latch for "cam_mem[2][1][4]" at lhn_CAM_v.v(34) File: E:/RIT/Fall_22/EE-621-Design-of-Computer-System/Lab_8/lhn_CAM_v.v Line: 34
Info (10041): Inferred latch for "cam_mem[2][1][5]" at lhn_CAM_v.v(34) File: E:/RIT/Fall_22/EE-621-Design-of-Computer-System/Lab_8/lhn_CAM_v.v Line: 34
Info (10041): Inferred latch for "cam_mem[2][1][6]" at lhn_CAM_v.v(34) File: E:/RIT/Fall_22/EE-621-Design-of-Computer-System/Lab_8/lhn_CAM_v.v Line: 34
Info (10041): Inferred latch for "cam_mem[2][1][7]" at lhn_CAM_v.v(34) File: E:/RIT/Fall_22/EE-621-Design-of-Computer-System/Lab_8/lhn_CAM_v.v Line: 34
Info (10041): Inferred latch for "cam_mem[2][1][8]" at lhn_CAM_v.v(34) File: E:/RIT/Fall_22/EE-621-Design-of-Computer-System/Lab_8/lhn_CAM_v.v Line: 34
Info (10041): Inferred latch for "cam_mem[3][0][0]" at lhn_CAM_v.v(34) File: E:/RIT/Fall_22/EE-621-Design-of-Computer-System/Lab_8/lhn_CAM_v.v Line: 34
Info (10041): Inferred latch for "cam_mem[3][0][1]" at lhn_CAM_v.v(34) File: E:/RIT/Fall_22/EE-621-Design-of-Computer-System/Lab_8/lhn_CAM_v.v Line: 34
Info (10041): Inferred latch for "cam_mem[3][0][2]" at lhn_CAM_v.v(34) File: E:/RIT/Fall_22/EE-621-Design-of-Computer-System/Lab_8/lhn_CAM_v.v Line: 34
Info (10041): Inferred latch for "cam_mem[3][0][3]" at lhn_CAM_v.v(34) File: E:/RIT/Fall_22/EE-621-Design-of-Computer-System/Lab_8/lhn_CAM_v.v Line: 34
Info (10041): Inferred latch for "cam_mem[3][0][4]" at lhn_CAM_v.v(34) File: E:/RIT/Fall_22/EE-621-Design-of-Computer-System/Lab_8/lhn_CAM_v.v Line: 34
Info (10041): Inferred latch for "cam_mem[3][0][5]" at lhn_CAM_v.v(34) File: E:/RIT/Fall_22/EE-621-Design-of-Computer-System/Lab_8/lhn_CAM_v.v Line: 34
Info (10041): Inferred latch for "cam_mem[3][0][6]" at lhn_CAM_v.v(34) File: E:/RIT/Fall_22/EE-621-Design-of-Computer-System/Lab_8/lhn_CAM_v.v Line: 34
Info (10041): Inferred latch for "cam_mem[3][0][7]" at lhn_CAM_v.v(34) File: E:/RIT/Fall_22/EE-621-Design-of-Computer-System/Lab_8/lhn_CAM_v.v Line: 34
Info (10041): Inferred latch for "cam_mem[3][0][8]" at lhn_CAM_v.v(34) File: E:/RIT/Fall_22/EE-621-Design-of-Computer-System/Lab_8/lhn_CAM_v.v Line: 34
Info (10041): Inferred latch for "cam_mem[3][1][0]" at lhn_CAM_v.v(34) File: E:/RIT/Fall_22/EE-621-Design-of-Computer-System/Lab_8/lhn_CAM_v.v Line: 34
Info (10041): Inferred latch for "cam_mem[3][1][1]" at lhn_CAM_v.v(34) File: E:/RIT/Fall_22/EE-621-Design-of-Computer-System/Lab_8/lhn_CAM_v.v Line: 34
Info (10041): Inferred latch for "cam_mem[3][1][2]" at lhn_CAM_v.v(34) File: E:/RIT/Fall_22/EE-621-Design-of-Computer-System/Lab_8/lhn_CAM_v.v Line: 34
Info (10041): Inferred latch for "cam_mem[3][1][3]" at lhn_CAM_v.v(34) File: E:/RIT/Fall_22/EE-621-Design-of-Computer-System/Lab_8/lhn_CAM_v.v Line: 34
Info (10041): Inferred latch for "cam_mem[3][1][4]" at lhn_CAM_v.v(34) File: E:/RIT/Fall_22/EE-621-Design-of-Computer-System/Lab_8/lhn_CAM_v.v Line: 34
Info (10041): Inferred latch for "cam_mem[3][1][5]" at lhn_CAM_v.v(34) File: E:/RIT/Fall_22/EE-621-Design-of-Computer-System/Lab_8/lhn_CAM_v.v Line: 34
Info (10041): Inferred latch for "cam_mem[3][1][6]" at lhn_CAM_v.v(34) File: E:/RIT/Fall_22/EE-621-Design-of-Computer-System/Lab_8/lhn_CAM_v.v Line: 34
Info (10041): Inferred latch for "cam_mem[3][1][7]" at lhn_CAM_v.v(34) File: E:/RIT/Fall_22/EE-621-Design-of-Computer-System/Lab_8/lhn_CAM_v.v Line: 34
Info (10041): Inferred latch for "cam_mem[3][1][8]" at lhn_CAM_v.v(34) File: E:/RIT/Fall_22/EE-621-Design-of-Computer-System/Lab_8/lhn_CAM_v.v Line: 34
Info (10041): Inferred latch for "cam_mem[4][0][0]" at lhn_CAM_v.v(34) File: E:/RIT/Fall_22/EE-621-Design-of-Computer-System/Lab_8/lhn_CAM_v.v Line: 34
Info (10041): Inferred latch for "cam_mem[4][0][1]" at lhn_CAM_v.v(34) File: E:/RIT/Fall_22/EE-621-Design-of-Computer-System/Lab_8/lhn_CAM_v.v Line: 34
Info (10041): Inferred latch for "cam_mem[4][0][2]" at lhn_CAM_v.v(34) File: E:/RIT/Fall_22/EE-621-Design-of-Computer-System/Lab_8/lhn_CAM_v.v Line: 34
Info (10041): Inferred latch for "cam_mem[4][0][3]" at lhn_CAM_v.v(34) File: E:/RIT/Fall_22/EE-621-Design-of-Computer-System/Lab_8/lhn_CAM_v.v Line: 34
Info (10041): Inferred latch for "cam_mem[4][0][4]" at lhn_CAM_v.v(34) File: E:/RIT/Fall_22/EE-621-Design-of-Computer-System/Lab_8/lhn_CAM_v.v Line: 34
Info (10041): Inferred latch for "cam_mem[4][0][5]" at lhn_CAM_v.v(34) File: E:/RIT/Fall_22/EE-621-Design-of-Computer-System/Lab_8/lhn_CAM_v.v Line: 34
Info (10041): Inferred latch for "cam_mem[4][0][6]" at lhn_CAM_v.v(34) File: E:/RIT/Fall_22/EE-621-Design-of-Computer-System/Lab_8/lhn_CAM_v.v Line: 34
Info (10041): Inferred latch for "cam_mem[4][0][7]" at lhn_CAM_v.v(34) File: E:/RIT/Fall_22/EE-621-Design-of-Computer-System/Lab_8/lhn_CAM_v.v Line: 34
Info (10041): Inferred latch for "cam_mem[4][0][8]" at lhn_CAM_v.v(34) File: E:/RIT/Fall_22/EE-621-Design-of-Computer-System/Lab_8/lhn_CAM_v.v Line: 34
Info (10041): Inferred latch for "cam_mem[4][1][0]" at lhn_CAM_v.v(34) File: E:/RIT/Fall_22/EE-621-Design-of-Computer-System/Lab_8/lhn_CAM_v.v Line: 34
Info (10041): Inferred latch for "cam_mem[4][1][1]" at lhn_CAM_v.v(34) File: E:/RIT/Fall_22/EE-621-Design-of-Computer-System/Lab_8/lhn_CAM_v.v Line: 34
Info (10041): Inferred latch for "cam_mem[4][1][2]" at lhn_CAM_v.v(34) File: E:/RIT/Fall_22/EE-621-Design-of-Computer-System/Lab_8/lhn_CAM_v.v Line: 34
Info (10041): Inferred latch for "cam_mem[4][1][3]" at lhn_CAM_v.v(34) File: E:/RIT/Fall_22/EE-621-Design-of-Computer-System/Lab_8/lhn_CAM_v.v Line: 34
Info (10041): Inferred latch for "cam_mem[4][1][4]" at lhn_CAM_v.v(34) File: E:/RIT/Fall_22/EE-621-Design-of-Computer-System/Lab_8/lhn_CAM_v.v Line: 34
Info (10041): Inferred latch for "cam_mem[4][1][5]" at lhn_CAM_v.v(34) File: E:/RIT/Fall_22/EE-621-Design-of-Computer-System/Lab_8/lhn_CAM_v.v Line: 34
Info (10041): Inferred latch for "cam_mem[4][1][6]" at lhn_CAM_v.v(34) File: E:/RIT/Fall_22/EE-621-Design-of-Computer-System/Lab_8/lhn_CAM_v.v Line: 34
Info (10041): Inferred latch for "cam_mem[4][1][7]" at lhn_CAM_v.v(34) File: E:/RIT/Fall_22/EE-621-Design-of-Computer-System/Lab_8/lhn_CAM_v.v Line: 34
Info (10041): Inferred latch for "cam_mem[4][1][8]" at lhn_CAM_v.v(34) File: E:/RIT/Fall_22/EE-621-Design-of-Computer-System/Lab_8/lhn_CAM_v.v Line: 34
Info (10041): Inferred latch for "cam_mem[5][0][0]" at lhn_CAM_v.v(34) File: E:/RIT/Fall_22/EE-621-Design-of-Computer-System/Lab_8/lhn_CAM_v.v Line: 34
Info (10041): Inferred latch for "cam_mem[5][0][1]" at lhn_CAM_v.v(34) File: E:/RIT/Fall_22/EE-621-Design-of-Computer-System/Lab_8/lhn_CAM_v.v Line: 34
Info (10041): Inferred latch for "cam_mem[5][0][2]" at lhn_CAM_v.v(34) File: E:/RIT/Fall_22/EE-621-Design-of-Computer-System/Lab_8/lhn_CAM_v.v Line: 34
Info (10041): Inferred latch for "cam_mem[5][0][3]" at lhn_CAM_v.v(34) File: E:/RIT/Fall_22/EE-621-Design-of-Computer-System/Lab_8/lhn_CAM_v.v Line: 34
Info (10041): Inferred latch for "cam_mem[5][0][4]" at lhn_CAM_v.v(34) File: E:/RIT/Fall_22/EE-621-Design-of-Computer-System/Lab_8/lhn_CAM_v.v Line: 34
Info (10041): Inferred latch for "cam_mem[5][0][5]" at lhn_CAM_v.v(34) File: E:/RIT/Fall_22/EE-621-Design-of-Computer-System/Lab_8/lhn_CAM_v.v Line: 34
Info (10041): Inferred latch for "cam_mem[5][0][6]" at lhn_CAM_v.v(34) File: E:/RIT/Fall_22/EE-621-Design-of-Computer-System/Lab_8/lhn_CAM_v.v Line: 34
Info (10041): Inferred latch for "cam_mem[5][0][7]" at lhn_CAM_v.v(34) File: E:/RIT/Fall_22/EE-621-Design-of-Computer-System/Lab_8/lhn_CAM_v.v Line: 34
Info (10041): Inferred latch for "cam_mem[5][0][8]" at lhn_CAM_v.v(34) File: E:/RIT/Fall_22/EE-621-Design-of-Computer-System/Lab_8/lhn_CAM_v.v Line: 34
Info (10041): Inferred latch for "cam_mem[5][1][0]" at lhn_CAM_v.v(34) File: E:/RIT/Fall_22/EE-621-Design-of-Computer-System/Lab_8/lhn_CAM_v.v Line: 34
Info (10041): Inferred latch for "cam_mem[5][1][1]" at lhn_CAM_v.v(34) File: E:/RIT/Fall_22/EE-621-Design-of-Computer-System/Lab_8/lhn_CAM_v.v Line: 34
Info (10041): Inferred latch for "cam_mem[5][1][2]" at lhn_CAM_v.v(34) File: E:/RIT/Fall_22/EE-621-Design-of-Computer-System/Lab_8/lhn_CAM_v.v Line: 34
Info (10041): Inferred latch for "cam_mem[5][1][3]" at lhn_CAM_v.v(34) File: E:/RIT/Fall_22/EE-621-Design-of-Computer-System/Lab_8/lhn_CAM_v.v Line: 34
Info (10041): Inferred latch for "cam_mem[5][1][4]" at lhn_CAM_v.v(34) File: E:/RIT/Fall_22/EE-621-Design-of-Computer-System/Lab_8/lhn_CAM_v.v Line: 34
Info (10041): Inferred latch for "cam_mem[5][1][5]" at lhn_CAM_v.v(34) File: E:/RIT/Fall_22/EE-621-Design-of-Computer-System/Lab_8/lhn_CAM_v.v Line: 34
Info (10041): Inferred latch for "cam_mem[5][1][6]" at lhn_CAM_v.v(34) File: E:/RIT/Fall_22/EE-621-Design-of-Computer-System/Lab_8/lhn_CAM_v.v Line: 34
Info (10041): Inferred latch for "cam_mem[5][1][7]" at lhn_CAM_v.v(34) File: E:/RIT/Fall_22/EE-621-Design-of-Computer-System/Lab_8/lhn_CAM_v.v Line: 34
Info (10041): Inferred latch for "cam_mem[5][1][8]" at lhn_CAM_v.v(34) File: E:/RIT/Fall_22/EE-621-Design-of-Computer-System/Lab_8/lhn_CAM_v.v Line: 34
Info (10041): Inferred latch for "cam_mem[6][0][0]" at lhn_CAM_v.v(34) File: E:/RIT/Fall_22/EE-621-Design-of-Computer-System/Lab_8/lhn_CAM_v.v Line: 34
Info (10041): Inferred latch for "cam_mem[6][0][1]" at lhn_CAM_v.v(34) File: E:/RIT/Fall_22/EE-621-Design-of-Computer-System/Lab_8/lhn_CAM_v.v Line: 34
Info (10041): Inferred latch for "cam_mem[6][0][2]" at lhn_CAM_v.v(34) File: E:/RIT/Fall_22/EE-621-Design-of-Computer-System/Lab_8/lhn_CAM_v.v Line: 34
Info (10041): Inferred latch for "cam_mem[6][0][3]" at lhn_CAM_v.v(34) File: E:/RIT/Fall_22/EE-621-Design-of-Computer-System/Lab_8/lhn_CAM_v.v Line: 34
Info (10041): Inferred latch for "cam_mem[6][0][4]" at lhn_CAM_v.v(34) File: E:/RIT/Fall_22/EE-621-Design-of-Computer-System/Lab_8/lhn_CAM_v.v Line: 34
Info (10041): Inferred latch for "cam_mem[6][0][5]" at lhn_CAM_v.v(34) File: E:/RIT/Fall_22/EE-621-Design-of-Computer-System/Lab_8/lhn_CAM_v.v Line: 34
Info (10041): Inferred latch for "cam_mem[6][0][6]" at lhn_CAM_v.v(34) File: E:/RIT/Fall_22/EE-621-Design-of-Computer-System/Lab_8/lhn_CAM_v.v Line: 34
Info (10041): Inferred latch for "cam_mem[6][0][7]" at lhn_CAM_v.v(34) File: E:/RIT/Fall_22/EE-621-Design-of-Computer-System/Lab_8/lhn_CAM_v.v Line: 34
Info (10041): Inferred latch for "cam_mem[6][0][8]" at lhn_CAM_v.v(34) File: E:/RIT/Fall_22/EE-621-Design-of-Computer-System/Lab_8/lhn_CAM_v.v Line: 34
Info (10041): Inferred latch for "cam_mem[6][1][0]" at lhn_CAM_v.v(34) File: E:/RIT/Fall_22/EE-621-Design-of-Computer-System/Lab_8/lhn_CAM_v.v Line: 34
Info (10041): Inferred latch for "cam_mem[6][1][1]" at lhn_CAM_v.v(34) File: E:/RIT/Fall_22/EE-621-Design-of-Computer-System/Lab_8/lhn_CAM_v.v Line: 34
Info (10041): Inferred latch for "cam_mem[6][1][2]" at lhn_CAM_v.v(34) File: E:/RIT/Fall_22/EE-621-Design-of-Computer-System/Lab_8/lhn_CAM_v.v Line: 34
Info (10041): Inferred latch for "cam_mem[6][1][3]" at lhn_CAM_v.v(34) File: E:/RIT/Fall_22/EE-621-Design-of-Computer-System/Lab_8/lhn_CAM_v.v Line: 34
Info (10041): Inferred latch for "cam_mem[6][1][4]" at lhn_CAM_v.v(34) File: E:/RIT/Fall_22/EE-621-Design-of-Computer-System/Lab_8/lhn_CAM_v.v Line: 34
Info (10041): Inferred latch for "cam_mem[6][1][5]" at lhn_CAM_v.v(34) File: E:/RIT/Fall_22/EE-621-Design-of-Computer-System/Lab_8/lhn_CAM_v.v Line: 34
Info (10041): Inferred latch for "cam_mem[6][1][6]" at lhn_CAM_v.v(34) File: E:/RIT/Fall_22/EE-621-Design-of-Computer-System/Lab_8/lhn_CAM_v.v Line: 34
Info (10041): Inferred latch for "cam_mem[6][1][7]" at lhn_CAM_v.v(34) File: E:/RIT/Fall_22/EE-621-Design-of-Computer-System/Lab_8/lhn_CAM_v.v Line: 34
Info (10041): Inferred latch for "cam_mem[6][1][8]" at lhn_CAM_v.v(34) File: E:/RIT/Fall_22/EE-621-Design-of-Computer-System/Lab_8/lhn_CAM_v.v Line: 34
Info (10041): Inferred latch for "cam_mem[7][0][0]" at lhn_CAM_v.v(34) File: E:/RIT/Fall_22/EE-621-Design-of-Computer-System/Lab_8/lhn_CAM_v.v Line: 34
Info (10041): Inferred latch for "cam_mem[7][0][1]" at lhn_CAM_v.v(34) File: E:/RIT/Fall_22/EE-621-Design-of-Computer-System/Lab_8/lhn_CAM_v.v Line: 34
Info (10041): Inferred latch for "cam_mem[7][0][2]" at lhn_CAM_v.v(34) File: E:/RIT/Fall_22/EE-621-Design-of-Computer-System/Lab_8/lhn_CAM_v.v Line: 34
Info (10041): Inferred latch for "cam_mem[7][0][3]" at lhn_CAM_v.v(34) File: E:/RIT/Fall_22/EE-621-Design-of-Computer-System/Lab_8/lhn_CAM_v.v Line: 34
Info (10041): Inferred latch for "cam_mem[7][0][4]" at lhn_CAM_v.v(34) File: E:/RIT/Fall_22/EE-621-Design-of-Computer-System/Lab_8/lhn_CAM_v.v Line: 34
Info (10041): Inferred latch for "cam_mem[7][0][5]" at lhn_CAM_v.v(34) File: E:/RIT/Fall_22/EE-621-Design-of-Computer-System/Lab_8/lhn_CAM_v.v Line: 34
Info (10041): Inferred latch for "cam_mem[7][0][6]" at lhn_CAM_v.v(34) File: E:/RIT/Fall_22/EE-621-Design-of-Computer-System/Lab_8/lhn_CAM_v.v Line: 34
Info (10041): Inferred latch for "cam_mem[7][0][7]" at lhn_CAM_v.v(34) File: E:/RIT/Fall_22/EE-621-Design-of-Computer-System/Lab_8/lhn_CAM_v.v Line: 34
Info (10041): Inferred latch for "cam_mem[7][0][8]" at lhn_CAM_v.v(34) File: E:/RIT/Fall_22/EE-621-Design-of-Computer-System/Lab_8/lhn_CAM_v.v Line: 34
Info (10041): Inferred latch for "cam_mem[7][1][0]" at lhn_CAM_v.v(34) File: E:/RIT/Fall_22/EE-621-Design-of-Computer-System/Lab_8/lhn_CAM_v.v Line: 34
Info (10041): Inferred latch for "cam_mem[7][1][1]" at lhn_CAM_v.v(34) File: E:/RIT/Fall_22/EE-621-Design-of-Computer-System/Lab_8/lhn_CAM_v.v Line: 34
Info (10041): Inferred latch for "cam_mem[7][1][2]" at lhn_CAM_v.v(34) File: E:/RIT/Fall_22/EE-621-Design-of-Computer-System/Lab_8/lhn_CAM_v.v Line: 34
Info (10041): Inferred latch for "cam_mem[7][1][3]" at lhn_CAM_v.v(34) File: E:/RIT/Fall_22/EE-621-Design-of-Computer-System/Lab_8/lhn_CAM_v.v Line: 34
Info (10041): Inferred latch for "cam_mem[7][1][4]" at lhn_CAM_v.v(34) File: E:/RIT/Fall_22/EE-621-Design-of-Computer-System/Lab_8/lhn_CAM_v.v Line: 34
Info (10041): Inferred latch for "cam_mem[7][1][5]" at lhn_CAM_v.v(34) File: E:/RIT/Fall_22/EE-621-Design-of-Computer-System/Lab_8/lhn_CAM_v.v Line: 34
Info (10041): Inferred latch for "cam_mem[7][1][6]" at lhn_CAM_v.v(34) File: E:/RIT/Fall_22/EE-621-Design-of-Computer-System/Lab_8/lhn_CAM_v.v Line: 34
Info (10041): Inferred latch for "cam_mem[7][1][7]" at lhn_CAM_v.v(34) File: E:/RIT/Fall_22/EE-621-Design-of-Computer-System/Lab_8/lhn_CAM_v.v Line: 34
Info (10041): Inferred latch for "cam_mem[7][1][8]" at lhn_CAM_v.v(34) File: E:/RIT/Fall_22/EE-621-Design-of-Computer-System/Lab_8/lhn_CAM_v.v Line: 34
Info (10008): Verilog HDL or VHDL information: EDA Netlist Writer cannot regroup multidimensional array "cam_mem" into its bus
Warning (13024): Output pins are stuck at VCC or GND
    Warning (13410): Pin "mbits[0]" is stuck at VCC File: E:/RIT/Fall_22/EE-621-Design-of-Computer-System/Lab_8/lhn_CAM_v.v Line: 65
    Warning (13410): Pin "mbits[1]" is stuck at VCC File: E:/RIT/Fall_22/EE-621-Design-of-Computer-System/Lab_8/lhn_CAM_v.v Line: 65
    Warning (13410): Pin "mbits[2]" is stuck at VCC File: E:/RIT/Fall_22/EE-621-Design-of-Computer-System/Lab_8/lhn_CAM_v.v Line: 65
    Warning (13410): Pin "mbits[3]" is stuck at VCC File: E:/RIT/Fall_22/EE-621-Design-of-Computer-System/Lab_8/lhn_CAM_v.v Line: 65
    Warning (13410): Pin "mbits[4]" is stuck at VCC File: E:/RIT/Fall_22/EE-621-Design-of-Computer-System/Lab_8/lhn_CAM_v.v Line: 65
    Warning (13410): Pin "mbits[5]" is stuck at VCC File: E:/RIT/Fall_22/EE-621-Design-of-Computer-System/Lab_8/lhn_CAM_v.v Line: 65
    Warning (13410): Pin "mbits[6]" is stuck at VCC File: E:/RIT/Fall_22/EE-621-Design-of-Computer-System/Lab_8/lhn_CAM_v.v Line: 65
    Warning (13410): Pin "mbits[7]" is stuck at VCC File: E:/RIT/Fall_22/EE-621-Design-of-Computer-System/Lab_8/lhn_CAM_v.v Line: 65
    Warning (13410): Pin "mbits[8]" is stuck at VCC File: E:/RIT/Fall_22/EE-621-Design-of-Computer-System/Lab_8/lhn_CAM_v.v Line: 65
    Warning (13410): Pin "mbits[9]" is stuck at GND File: E:/RIT/Fall_22/EE-621-Design-of-Computer-System/Lab_8/lhn_CAM_v.v Line: 15
    Warning (13410): Pin "mbits[10]" is stuck at GND File: E:/RIT/Fall_22/EE-621-Design-of-Computer-System/Lab_8/lhn_CAM_v.v Line: 15
    Warning (13410): Pin "mbits[11]" is stuck at GND File: E:/RIT/Fall_22/EE-621-Design-of-Computer-System/Lab_8/lhn_CAM_v.v Line: 15
    Warning (13410): Pin "mbits[12]" is stuck at GND File: E:/RIT/Fall_22/EE-621-Design-of-Computer-System/Lab_8/lhn_CAM_v.v Line: 15
    Warning (13410): Pin "mbits[13]" is stuck at GND File: E:/RIT/Fall_22/EE-621-Design-of-Computer-System/Lab_8/lhn_CAM_v.v Line: 15
    Warning (13410): Pin "mbits[14]" is stuck at GND File: E:/RIT/Fall_22/EE-621-Design-of-Computer-System/Lab_8/lhn_CAM_v.v Line: 15
    Warning (13410): Pin "mbits[15]" is stuck at GND File: E:/RIT/Fall_22/EE-621-Design-of-Computer-System/Lab_8/lhn_CAM_v.v Line: 15
Info (286030): Timing-Driven Synthesis is running
Info (16010): Generating hard_block partition "hard_block:auto_generated_inst"
    Info (16011): Adding 0 node(s), including 0 DDIO, 0 PLL, 0 transceiver and 0 LCELL
Warning (21074): Design contains 9 input pin(s) that do not drive logic
    Warning (15610): No output dependent on input pin "argin[0]" File: E:/RIT/Fall_22/EE-621-Design-of-Computer-System/Lab_8/lhn_CAM_v.v Line: 12
    Warning (15610): No output dependent on input pin "argin[1]" File: E:/RIT/Fall_22/EE-621-Design-of-Computer-System/Lab_8/lhn_CAM_v.v Line: 12
    Warning (15610): No output dependent on input pin "argin[2]" File: E:/RIT/Fall_22/EE-621-Design-of-Computer-System/Lab_8/lhn_CAM_v.v Line: 12
    Warning (15610): No output dependent on input pin "argin[3]" File: E:/RIT/Fall_22/EE-621-Design-of-Computer-System/Lab_8/lhn_CAM_v.v Line: 12
    Warning (15610): No output dependent on input pin "argin[4]" File: E:/RIT/Fall_22/EE-621-Design-of-Computer-System/Lab_8/lhn_CAM_v.v Line: 12
    Warning (15610): No output dependent on input pin "argin[5]" File: E:/RIT/Fall_22/EE-621-Design-of-Computer-System/Lab_8/lhn_CAM_v.v Line: 12
    Warning (15610): No output dependent on input pin "argin[6]" File: E:/RIT/Fall_22/EE-621-Design-of-Computer-System/Lab_8/lhn_CAM_v.v Line: 12
    Warning (15610): No output dependent on input pin "argin[7]" File: E:/RIT/Fall_22/EE-621-Design-of-Computer-System/Lab_8/lhn_CAM_v.v Line: 12
    Warning (15610): No output dependent on input pin "argin[8]" File: E:/RIT/Fall_22/EE-621-Design-of-Computer-System/Lab_8/lhn_CAM_v.v Line: 12
Info (21057): Implemented 314 device resources after synthesis - the final resource count might be different
    Info (21058): Implemented 24 input pins
    Info (21059): Implemented 25 output pins
    Info (21061): Implemented 265 logic cells
Info: Quartus Prime Analysis & Synthesis was successful. 0 errors, 30 warnings
    Info: Peak virtual memory: 4770 megabytes
    Info: Processing ended: Fri Oct 28 10:14:41 2022
    Info: Elapsed time: 00:00:07
    Info: Total CPU time (on all processors): 00:00:15


